"../../../../../../Users/prokhorovskiy-m/Documents/Unreal Projects/fieldA/trainingtask/Azur/AzurLane_UI/Content/FirstPerson/Character/Materials/MaterialLayers/T_ML_Aluminum01.uasset" 0
"../../../../../../Users/prokhorovskiy-m/Documents/Unreal Projects/fieldA/trainingtask/Azur/AzurLane_UI/Content/FirstPerson/Character/Materials/MaterialLayers/T_ML_Aluminum01_N.uasset" 1
"../../../../../../Users/prokhorovskiy-m/Documents/Unreal Projects/fieldA/trainingtask/Azur/AzurLane_UI/Content/FirstPerson/Character/Materials/MaterialLayers/T_ML_Rubber_Blue_01_D.uasset" 2
"../../../../../../Users/prokhorovskiy-m/Documents/Unreal Projects/fieldA/trainingtask/Azur/AzurLane_UI/Content/FirstPerson/Character/Materials/MaterialLayers/T_ML_Rubber_Blue_01_N.uasset" 3
"../../../../../../Users/prokhorovskiy-m/Documents/Unreal Projects/fieldA/trainingtask/Azur/AzurLane_UI/Content/FirstPerson/Character/Textures/UE4_Mannequin__normals.uasset" 4
"../../../../../../Users/prokhorovskiy-m/Documents/Unreal Projects/fieldA/trainingtask/Azur/AzurLane_UI/Content/FirstPerson/FPWeapon/Materials/MaterialLayers/T_ML_Aluminum01.uasset" 5
"../../../../../../Users/prokhorovskiy-m/Documents/Unreal Projects/fieldA/trainingtask/Azur/AzurLane_UI/Content/FirstPerson/FPWeapon/Materials/MaterialLayers/T_ML_Aluminum01_N.uasset" 6
"../../../../../../Users/prokhorovskiy-m/Documents/Unreal Projects/fieldA/trainingtask/Azur/AzurLane_UI/Content/FirstPerson/FPWeapon/Materials/MaterialLayers/T_ML_FineRubber.uasset" 7
"../../../../../../Users/prokhorovskiy-m/Documents/Unreal Projects/fieldA/trainingtask/Azur/AzurLane_UI/Content/FirstPerson/FPWeapon/Materials/MaterialLayers/T_ML_Rubber_Blue_01_D.uasset" 8
"../../../../../../Users/prokhorovskiy-m/Documents/Unreal Projects/fieldA/trainingtask/Azur/AzurLane_UI/Content/FirstPerson/FPWeapon/Materials/MaterialLayers/T_ML_Rubber_Blue_01_N.uasset" 9
"../../../../../../Users/prokhorovskiy-m/Documents/Unreal Projects/fieldA/trainingtask/Azur/AzurLane_UI/Content/FirstPerson/FPWeapon/Textures/T_FPGun_N.uasset" 10
"../../../../../../Users/prokhorovskiy-m/Documents/Unreal Projects/fieldA/trainingtask/Azur/AzurLane_UI/Content/FirstPerson/Meshes/BaseMaterial.uasset" 11
"../../../../../../Users/prokhorovskiy-m/Documents/Unreal Projects/fieldA/trainingtask/Azur/AzurLane_UI/Content/FirstPersonBP/UI/Textures/Azure_atlas-0.uasset" 12
"../../../../../../Users/prokhorovskiy-m/Documents/Unreal Projects/fieldA/trainingtask/Azur/AzurLane_UI/Content/FirstPersonBP/UI/Azure_atlas-0.uasset" 13
"../../../../../../Users/prokhorovskiy-m/Documents/Unreal Projects/fieldA/trainingtask/Azur/AzurLane_UI/Content/FirstPersonBP/UI/Font/DIN_Condensed_Bold.uasset" 14
"../../../../../../Users/prokhorovskiy-m/Documents/Unreal Projects/fieldA/trainingtask/Azur/AzurLane_UI/Content/FirstPersonBP/UI/Font/DIN_Condensed_Bold_Font.uasset" 15
"../../../../../../Users/prokhorovskiy-m/Documents/Unreal Projects/fieldA/trainingtask/Azur/AzurLane_UI/Content/FirstPersonBP/UI/Font/Bodoni_72_Smallcaps_Book.uasset" 16
"../../../../../../Users/prokhorovskiy-m/Documents/Unreal Projects/fieldA/trainingtask/Azur/AzurLane_UI/Content/FirstPersonBP/UI/Font/Bodoni_72_Smallcaps_Book_Font.uasset" 17
"../../Plugins/2D/Paper2D/Content/PlaceholderTextures/DummySpriteTexture.uasset" 18
"../../Plugins/2D/Paper2D/Content/DefaultSpriteMaterial.uasset" 19
"../../Plugins/2D/Paper2D/Content/TranslucentUnlitSpriteMaterial.uasset" 20
"../../../../../../Users/prokhorovskiy-m/Documents/Unreal Projects/fieldA/trainingtask/Azur/AzurLane_UI/Content/FirstPersonBP/UI/Frames/WisdomCube_png2.uasset" 21
"../../../../../../Users/prokhorovskiy-m/Documents/Unreal Projects/fieldA/trainingtask/Azur/AzurLane_UI/Content/FirstPersonBP/UI/Frames/prize_frame_png1.uasset" 22
"../../../../../../Users/prokhorovskiy-m/Documents/Unreal Projects/fieldA/trainingtask/Azur/AzurLane_UI/Content/FirstPersonBP/UI/Frames/Medal_of_Honor_png2.uasset" 23
"../../../../../../Users/prokhorovskiy-m/Documents/Unreal Projects/fieldA/trainingtask/Azur/AzurLane_UI/Content/FirstPersonBP/UI/Frames/Cross_png1.uasset" 24
"../../../../../../Users/prokhorovskiy-m/Documents/Unreal Projects/fieldA/trainingtask/Azur/AzurLane_UI/Content/FirstPersonBP/UI/Frames/coin_png2.uasset" 25
"../../../../../../Users/prokhorovskiy-m/Documents/Unreal Projects/fieldA/trainingtask/Azur/AzurLane_UI/Content/FirstPersonBP/UI/Widgets/Prize.uasset" 26
"../../../../../../Users/prokhorovskiy-m/Documents/Unreal Projects/fieldA/trainingtask/Azur/AzurLane_UI/Content/FirstPersonBP/UI/Frames/CA_Icon_png2.uasset" 27
"../../../../../../Users/prokhorovskiy-m/Documents/Unreal Projects/fieldA/trainingtask/Azur/AzurLane_UI/Content/FirstPersonBP/UI/Widgets/Name_ship_slate.uasset" 28
"../../../../../../Users/prokhorovskiy-m/Documents/Unreal Projects/fieldA/trainingtask/Azur/AzurLane_UI/Content/FirstPersonBP/UI/Widgets/Decorative/MedalOfHonor.uasset" 29
"../../../../../../Users/prokhorovskiy-m/Documents/Unreal Projects/fieldA/trainingtask/Azur/AzurLane_UI/Content/FirstPersonBP/UI/Frames/avatar_placeholder_png2.uasset" 30
"../../../../../../Users/prokhorovskiy-m/Documents/Unreal Projects/fieldA/trainingtask/Azur/AzurLane_UI/Content/FirstPersonBP/UI/Frames/Avatar_frame_png2.uasset" 31
"../../../../../../Users/prokhorovskiy-m/Documents/Unreal Projects/fieldA/trainingtask/Azur/AzurLane_UI/Content/FirstPersonBP/UI/Frames/ava_5_png.uasset" 32
"../../../../../../Users/prokhorovskiy-m/Documents/Unreal Projects/fieldA/trainingtask/Azur/AzurLane_UI/Content/FirstPersonBP/UI/Frames/ava_4_png.uasset" 33
"../../../../../../Users/prokhorovskiy-m/Documents/Unreal Projects/fieldA/trainingtask/Azur/AzurLane_UI/Content/FirstPersonBP/UI/Frames/ava_3_png.uasset" 34
"../../../../../../Users/prokhorovskiy-m/Documents/Unreal Projects/fieldA/trainingtask/Azur/AzurLane_UI/Content/FirstPersonBP/UI/Frames/ava_2_png.uasset" 35
"../../../../../../Users/prokhorovskiy-m/Documents/Unreal Projects/fieldA/trainingtask/Azur/AzurLane_UI/Content/FirstPersonBP/UI/Frames/ava_1_png.uasset" 36
"../../../../../../Users/prokhorovskiy-m/Documents/Unreal Projects/fieldA/trainingtask/Azur/AzurLane_UI/Content/FirstPersonBP/UI/Widgets/IconWrapper.uasset" 37
"../../../../../../Users/prokhorovskiy-m/Documents/Unreal Projects/fieldA/trainingtask/Azur/AzurLane_UI/Content/FirstPersonBP/UI/Frames/timer_slate_png2.uasset" 38
"../../../../../../Users/prokhorovskiy-m/Documents/Unreal Projects/fieldA/trainingtask/Azur/AzurLane_UI/Content/FirstPersonBP/UI/Widgets/Decorative/Timer_character.uasset" 39
"../../../../../../Users/prokhorovskiy-m/Documents/Unreal Projects/fieldA/trainingtask/Azur/AzurLane_UI/Content/FirstPersonBP/UI/Frames/timer_ribbon_png2.uasset" 40
"../../../../../../Users/prokhorovskiy-m/Documents/Unreal Projects/fieldA/trainingtask/Azur/AzurLane_UI/Content/FirstPersonBP/UI/Widgets/Decorative/Timer.uasset" 41
"../../../../../../Users/prokhorovskiy-m/Documents/Unreal Projects/fieldA/trainingtask/Azur/AzurLane_UI/Content/FirstPersonBP/UI/Characters/character_1.uasset" 42
"../../../../../../Users/prokhorovskiy-m/Documents/Unreal Projects/fieldA/trainingtask/Azur/AzurLane_UI/Content/FirstPersonBP/UI/Textures/Super_Rare.uasset" 43
"../../../../../../Users/prokhorovskiy-m/Documents/Unreal Projects/fieldA/trainingtask/Azur/AzurLane_UI/Content/FirstPersonBP/UI/Materials/Burn.uasset" 44
"../../../../../../Users/prokhorovskiy-m/Documents/Unreal Projects/fieldA/trainingtask/Azur/AzurLane_UI/Content/FirstPersonBP/UI/Frames/button_plus_png2.uasset" 45
"../../../../../../Users/prokhorovskiy-m/Documents/Unreal Projects/fieldA/trainingtask/Azur/AzurLane_UI/Content/FirstPersonBP/UI/Frames/field_count_png2.uasset" 46
"../../../../../../Users/prokhorovskiy-m/Documents/Unreal Projects/fieldA/trainingtask/Azur/AzurLane_UI/Content/FirstPersonBP/UI/Widgets/Decorative/field_currency_1.uasset" 47
"../../../../../../Users/prokhorovskiy-m/Documents/Unreal Projects/fieldA/trainingtask/Azur/AzurLane_UI/Content/FirstPersonBP/UI/Frames/oil_png2.uasset" 48
"../../../../../../Users/prokhorovskiy-m/Documents/Unreal Projects/fieldA/trainingtask/Azur/AzurLane_UI/Content/FirstPersonBP/UI/Frames/brilliant_png2.uasset" 49
"../../../../../../Users/prokhorovskiy-m/Documents/Unreal Projects/fieldA/trainingtask/Azur/AzurLane_UI/Content/FirstPersonBP/UI/Widgets/TopMenu.uasset" 50
"../../../../../../Users/prokhorovskiy-m/Documents/Unreal Projects/fieldA/trainingtask/Azur/AzurLane_UI/Content/FirstPersonBP/UI/Textures/Icons.uasset" 51
"../../../Engine/Content/Functions/Engine_MaterialFunctions02/ExampleContent/Textures/flipbook.uasset" 52
"../../../Engine/Content/Functions/Engine_MaterialFunctions02/ExampleContent/Textures/DebugNumberPeriod.uasset" 53
"../../../Engine/Content/Functions/Engine_MaterialFunctions02/ExampleContent/DebugNumberStrip.uasset" 54
"../../../Engine/Content/EngineMaterials/DefaultDiffuse.uasset" 55
"../../../Engine/Content/Functions/Engine_MaterialFunctions01/Texturing/TextureCropping.uasset" 56
"../../../Engine/Content/Functions/Engine_MaterialFunctions01/Texturing/ComputeMipLevel.uasset" 57
"../../../Engine/Content/Functions/Engine_MaterialFunctions02/Utility/DebugScalarValues.uasset" 58
"../../../Engine/Content/Functions/Engine_MaterialFunctions02/Utility/BreakOutFloat2Components.uasset" 59
"../../../Engine/Content/Functions/Engine_MaterialFunctions02/Utility/DebugFloat2Values.uasset" 60
"../../../Engine/Content/Functions/Engine_MaterialFunctions02/Texturing/FlipBook.uasset" 61
"../../../../../../Users/prokhorovskiy-m/Documents/Unreal Projects/fieldA/trainingtask/Azur/AzurLane_UI/Content/FirstPersonBP/UI/Materials/DownMenu_ImageChange.uasset" 62
"../../../../../../Users/prokhorovskiy-m/Documents/Unreal Projects/fieldA/trainingtask/Azur/AzurLane_UI/Content/FirstPersonBP/UI/Materials/SideMenu_ImageChange.uasset" 63
"../../../../../../Users/prokhorovskiy-m/Documents/Unreal Projects/fieldA/trainingtask/Azur/AzurLane_UI/Content/FirstPersonBP/UI/Materials/Exchange_nonactive_furippbukku.uasset" 64
"../../../../../../Users/prokhorovskiy-m/Documents/Unreal Projects/fieldA/trainingtask/Azur/AzurLane_UI/Content/FirstPersonBP/UI/Materials/SideTab_BG_Flipbook.uasset" 65
"../../../../../../Users/prokhorovskiy-m/Documents/Unreal Projects/fieldA/trainingtask/Azur/AzurLane_UI/Content/FirstPersonBP/UI/Widgets/MasterTab_side.uasset" 66
"../../../../../../Users/prokhorovskiy-m/Documents/Unreal Projects/fieldA/trainingtask/Azur/AzurLane_UI/Content/FirstPersonBP/UI/Frames/popup_esc_button_png1.uasset" 67
"../../../../../../Users/prokhorovskiy-m/Documents/Unreal Projects/fieldA/trainingtask/Azur/AzurLane_UI/Content/FirstPersonBP/UI/Frames/popup_confirm_button_png1.uasset" 68
"../../../../../../Users/prokhorovskiy-m/Documents/Unreal Projects/fieldA/trainingtask/Azur/AzurLane_UI/Content/FirstPersonBP/UI/Frames/popup_bg_png1.uasset" 69
"../../../../../../Users/prokhorovskiy-m/Documents/Unreal Projects/fieldA/trainingtask/Azur/AzurLane_UI/Content/FirstPersonBP/UI/Widgets/PopUP_Window.uasset" 70
"../../../../../../Users/prokhorovskiy-m/Documents/Unreal Projects/fieldA/trainingtask/Azur/AzurLane_UI/Content/FirstPersonBP/UI/Textures/cross_2.uasset" 71
"../../../../../../Users/prokhorovskiy-m/Documents/Unreal Projects/fieldA/trainingtask/Azur/AzurLane_UI/Content/FirstPersonBP/UI/Widgets/PopUp.uasset" 72
"../../../Engine/Content/EngineMaterials/BlendFunc_DefBlend.uasset" 73
"../../../Engine/Content/EngineMaterials/BlendFunc_DefBase.uasset" 74
"../../../Engine/Content/Functions/Engine_MaterialFunctions03/Blends/Blend_Overlay.uasset" 75
"../../../Engine/Content/Functions/Engine_MaterialFunctions01/Gradient/LinearGradient.uasset" 76
"../../../../../../Users/prokhorovskiy-m/Documents/Unreal Projects/fieldA/trainingtask/Azur/AzurLane_UI/Content/FirstPersonBP/UI/Materials/TextButton_Main.uasset" 77
"../../../../../../Users/prokhorovskiy-m/Documents/Unreal Projects/fieldA/trainingtask/Azur/AzurLane_UI/Content/FirstPersonBP/UI/Materials/TextButton.uasset" 78
"../../../../../../Users/prokhorovskiy-m/Documents/Unreal Projects/fieldA/trainingtask/Azur/AzurLane_UI/Content/FirstPersonBP/UI/Frames/resources_slate_png1.uasset" 79
"../../../../../../Users/prokhorovskiy-m/Documents/Unreal Projects/fieldA/trainingtask/Azur/AzurLane_UI/Content/FirstPersonBP/UI/Frames/cross_plus_png1.uasset" 80
"../../../../../../Users/prokhorovskiy-m/Documents/Unreal Projects/fieldA/trainingtask/Azur/AzurLane_UI/Content/FirstPersonBP/UI/Widgets/MedalofHonor_plate.uasset" 81
"../../../../../../Users/prokhorovskiy-m/Documents/Unreal Projects/fieldA/trainingtask/Azur/AzurLane_UI/Content/FirstPersonBP/UI/Textures/roundroundbabyroundround9.uasset" 82
"../../../../../../Users/prokhorovskiy-m/Documents/Unreal Projects/fieldA/trainingtask/Azur/AzurLane_UI/Content/FirstPersonBP/UI/Materials/Rounder_button_brush.uasset" 83
"../../../../../../Users/prokhorovskiy-m/Documents/Unreal Projects/fieldA/trainingtask/Azur/AzurLane_UI/Content/FirstPersonBP/UI/Materials/heavybutton_flip.uasset" 84
"../../../../../../Users/prokhorovskiy-m/Documents/Unreal Projects/fieldA/trainingtask/Azur/AzurLane_UI/Content/FirstPersonBP/UI/Materials/Heavybutton_BG_Flipbook_Inst.uasset" 85
"../../../Engine/Content/Functions/Engine_MaterialFunctions01/Density/ExponentialDensity.uasset" 86
"../../../Engine/Content/Functions/Engine_MaterialFunctions01/Gradient/RadialGradientExponential.uasset" 87
"../../../../../../Users/prokhorovskiy-m/Documents/Unreal Projects/fieldA/trainingtask/Azur/AzurLane_UI/Content/FirstPersonBP/UI/Materials/Generic_Glow.uasset" 88
"../../../../../../Users/prokhorovskiy-m/Documents/Unreal Projects/fieldA/trainingtask/Azur/AzurLane_UI/Content/FirstPersonBP/UI/Frames/active_tab_bottom_png1.uasset" 89
"../../../../../../Users/prokhorovskiy-m/Documents/Unreal Projects/fieldA/trainingtask/Azur/AzurLane_UI/Content/FirstPersonBP/UI/Widgets/MasterTab_down.uasset" 90
"../../../../../../Users/prokhorovskiy-m/Documents/Unreal Projects/fieldA/trainingtask/Azur/AzurLane_UI/Content/FirstPersonBP/UI/Font/Fyodor-Bold.uasset" 91
"../../../../../../Users/prokhorovskiy-m/Documents/Unreal Projects/fieldA/trainingtask/Azur/AzurLane_UI/Content/FirstPersonBP/UI/Font/Fyodor-Bold_Font.uasset" 92
"../../../../../../Users/prokhorovskiy-m/Documents/Unreal Projects/fieldA/trainingtask/Azur/AzurLane_UI/Content/FirstPersonBP/UI/Frames/build_btn_png2.uasset" 93
"../../../../../../Users/prokhorovskiy-m/Documents/Unreal Projects/fieldA/trainingtask/Azur/AzurLane_UI/Content/FirstPersonBP/UI/Widgets/MasterBtn_Yellow.uasset" 94
"../../../../../../Users/prokhorovskiy-m/Documents/Unreal Projects/fieldA/trainingtask/Azur/AzurLane_UI/Content/FirstPersonBP/UI/Widgets/Decorative/RibbonInfo.uasset" 95
"../../../../../../Users/prokhorovskiy-m/Documents/Unreal Projects/fieldA/trainingtask/Azur/AzurLane_UI/Content/FirstPersonBP/UI/Frames/home_icon_png2.uasset" 96
"../../../../../../Users/prokhorovskiy-m/Documents/Unreal Projects/fieldA/trainingtask/Azur/AzurLane_UI/Content/FirstPersonBP/UI/Widgets/Decorative/Home_button.uasset" 97
"../../../../../../Users/prokhorovskiy-m/Documents/Unreal Projects/fieldA/trainingtask/Azur/AzurLane_UI/Content/FirstPersonBP/UI/Widgets/Decorative/frame_bg.uasset" 98
"../../../../../../Users/prokhorovskiy-m/Documents/Unreal Projects/fieldA/trainingtask/Azur/AzurLane_UI/Content/FirstPersonBP/UI/Frames/button_back_png2.uasset" 99
"../../../../../../Users/prokhorovskiy-m/Documents/Unreal Projects/fieldA/trainingtask/Azur/AzurLane_UI/Content/FirstPersonBP/UI/Widgets/Decorative/Back_button.uasset" 100
"../../../../../../Users/prokhorovskiy-m/Documents/Unreal Projects/fieldA/trainingtask/Azur/AzurLane_UI/Content/FirstPersonBP/UI/Characters/Javelin.uasset" 101
"../../../../../../Users/prokhorovskiy-m/Documents/Unreal Projects/fieldA/trainingtask/Azur/AzurLane_UI/Content/FirstPersonBP/UI/Banner/banner_3.uasset" 102
"../../../../../../Users/prokhorovskiy-m/Documents/Unreal Projects/fieldA/trainingtask/Azur/AzurLane_UI/Content/FirstPersonBP/UI/Banner/banner_2.uasset" 103
"../../../../../../Users/prokhorovskiy-m/Documents/Unreal Projects/fieldA/trainingtask/Azur/AzurLane_UI/Content/FirstPersonBP/UI/Banner/banner_1.uasset" 104
"../../../../../../Users/prokhorovskiy-m/Documents/Unreal Projects/fieldA/trainingtask/Azur/AzurLane_UI/Content/FirstPersonBP/UI/Textures/bg_flipbook_try.uasset" 105
"../../../../../../Users/prokhorovskiy-m/Documents/Unreal Projects/fieldA/trainingtask/Azur/AzurLane_UI/Content/FirstPersonBP/UI/Textures/BG_UI.uasset" 106
"../../../../../../Users/prokhorovskiy-m/Documents/Unreal Projects/fieldA/trainingtask/Azur/AzurLane_UI/Content/FirstPersonBP/UI/Frames/Ribbon_png3.uasset" 107
"../../../../../../Users/prokhorovskiy-m/Documents/Unreal Projects/fieldA/trainingtask/Azur/AzurLane_UI/Content/FirstPersonBP/UI/Frames/Main_container_png3.uasset" 108
"../../../../../../Users/prokhorovskiy-m/Documents/Unreal Projects/fieldA/trainingtask/Azur/AzurLane_UI/Content/FirstPersonBP/UI/Frames/info_png1.uasset" 109
"../../../../../../Users/prokhorovskiy-m/Documents/Unreal Projects/fieldA/trainingtask/Azur/AzurLane_UI/Content/FirstPersonBP/UI/Build_screen.uasset" 110
"../../../../../../Users/prokhorovskiy-m/Documents/Unreal Projects/fieldA/trainingtask/Azur/AzurLane_UI/Content/FirstPersonBP/UI/Widgets/SideMenu.uasset" 111
"../../../../../../Users/prokhorovskiy-m/Documents/Unreal Projects/fieldA/trainingtask/Azur/AzurLane_UI/Content/FirstPersonBP/UI/Exchange_screen.uasset" 112
"../../../../../../Users/prokhorovskiy-m/Documents/Unreal Projects/fieldA/trainingtask/Azur/AzurLane_UI/Content/FirstPersonBP/UI/Build_screen_.uasset" 113
"../../Plugins/FX/Niagara/Content/Functions/DirectionAndLengthSafe.uasset" 114
"../../Plugins/FX/Niagara/Content/Modules/Update/Size/ScaleSpriteSizeBySpeed.uasset" 115
"../../Plugins/FX/Niagara/Content/Enums/ENiagaraRandomnessMode.uasset" 116
"../../Plugins/FX/Niagara/Content/Functions/GetRandomInfo.uasset" 117
"../../Plugins/FX/Niagara/Content/Functions/RandomRangeFloat.uasset" 118
"../../Plugins/FX/Niagara/Content/Functions/RandomUnitVector.uasset" 119
"../../Plugins/FX/Niagara/Content/Functions/RandomVector.uasset" 120
"../../Plugins/FX/Niagara/Content/Modules/Update/Forces/VectorNoiseForce.uasset" 121
"../../Plugins/FX/Niagara/Content/Enums/ENiagaraCoordinateSpace.uasset" 122
"../../Plugins/FX/Niagara/Content/Functions/Localspace/TransformBase.uasset" 123
"../../Plugins/FX/Niagara/Content/Functions/Localspace/TransformVector.uasset" 124
"../../Plugins/FX/Niagara/Content/Modules/Update/Forces/GravityForce.uasset" 125
"../../Plugins/FX/Niagara/Content/Functions/Math/RemapValueRange.uasset" 126
"../../Plugins/FX/Niagara/Content/Functions/Rotation/MultiplyVectorWithQuaternion.uasset" 127
"../../Plugins/FX/Niagara/Content/Functions/Rotation/FindQuatBetween.uasset" 128
"../../Plugins/FX/Niagara/Content/Functions/PolarToCartesianCoordinates.uasset" 129
"../../Plugins/FX/Niagara/Content/Functions/RandomVectorInCone.uasset" 130
"../../Plugins/FX/Niagara/Content/Modules/Spawn/Velocity/AddVelocityInCone.uasset" 131
"../../Plugins/FX/Niagara/Content/Functions/Localspace/SimulationPosition.uasset" 132
"../../Plugins/FX/Niagara/Content/Modules/Spawn/Initialization/InitializeRibbon.uasset" 133
"../../Plugins/FX/Niagara/Content/DefaultAssets/Structs/LocationEvent.uasset" 134
"../../Plugins/FX/Niagara/Content/Modules/Events/ReceiveLocationEvent.uasset" 135
"../../Plugins/FX/Niagara/Content/Functions/NormalizeDistanceRange.uasset" 136
"../../Plugins/FX/Niagara/Content/Modules/Update/Velocity/VortexVelocity.uasset" 137
"../../Plugins/FX/Niagara/Content/Enums/ENiagaraSystemInactiveMode.uasset" 138
"../../Plugins/FX/Niagara/Content/Functions/System/SystemChangeState.uasset" 139
"../../Plugins/FX/Niagara/Content/Enums/ENiagara_EmitterStateOptions.uasset" 140
"../../Plugins/FX/Niagara/Content/Modules/System/SystemState.uasset" 141
"../../Plugins/FX/Niagara/Content/Modules/Solvers/ApplyInitialForces.uasset" 142
"../../Plugins/FX/Niagara/Content/Enums/ENiagaraRandomnessEvaluation.uasset" 143
"../../Plugins/FX/Niagara/Content/Functions/V2/CalculateRandomRangeFloat.uasset" 144
"../../Plugins/FX/Niagara/Content/Modules/Emitter/SpawnBurst_Instantaneous.uasset" 145
"../../Plugins/FX/Niagara/Content/DefaultAssets/DefaultRIbbonMaterial.uasset" 146
"../../Plugins/FX/Niagara/Content/Enums/ENiagaraScaleColorMode.uasset" 147
"../../Plugins/FX/Niagara/Content/Enums/ENiagaraInactiveMode.uasset" 148
"../../Plugins/FX/Niagara/Content/Enums/ENiagaraEmitterScalabilityMode_Limited.uasset" 149
"../../Plugins/FX/Niagara/Content/Enums/ENiagaraEmitterLifeCycleMode.uasset" 150
"../../Plugins/FX/Niagara/Content/Enums/ENiagaraChannelCorrelation.uasset" 151
"../../Plugins/FX/Niagara/Content/Enums/ENiagara_UVFlippingMode.uasset" 152
"../../Plugins/FX/Niagara/Content/Enums/ENiagara_SpriteRotationMode.uasset" 153
"../../Plugins/FX/Niagara/Content/Enums/ENiagara_SizeScaleMode.uasset" 154
"../../Plugins/FX/Niagara/Content/Enums/ENiagara_MassInitializationMode.uasset" 155
"../../Plugins/FX/Niagara/Content/Enums/ENiagara_LifetimeMode.uasset" 156
"../../Plugins/FX/Niagara/Content/Enums/ENiagara_InfiniteLoopDuration.uasset" 157
"../../Plugins/FX/Niagara/Content/Enums/ENiagara_ColorInitializationMode.uasset" 158
"../../Plugins/FX/Niagara/Content/Modules/Update/Lifetime/ParticleState.uasset" 159
"../../Plugins/FX/Niagara/Content/Modules/Update/Forces/Drag.uasset" 160
"../../Plugins/FX/Niagara/Content/Modules/Update/Color/ScaleColor.uasset" 161
"../../Plugins/FX/Niagara/Content/Functions/V2/CalculateRandomRange.uasset" 162
"../../Plugins/FX/Niagara/Content/Functions/LinearColor/HueShiftLinearColor.uasset" 163
"../../Plugins/FX/Niagara/Content/Functions/V2/CalculateRandomRangeInteger.uasset" 164
"../../Plugins/FX/Niagara/Content/Functions/V2/CalculateRandomBool.uasset" 165
"../../Plugins/FX/Niagara/Content/Enums/ENiagara_PositionInitializationMode.uasset" 166
"../../Plugins/FX/Niagara/Content/Modules/Spawn/Initialization/V2/InitializeParticle.uasset" 167
"../../Plugins/FX/Niagara/Content/Modules/Solvers/SolveForcesAndVelocity.uasset" 168
"../../Plugins/FX/Niagara/Content/Functions/Helpers/AdvancePositionWithAcceleration.uasset" 169
"../../Plugins/FX/Niagara/Content/Modules/Events/GenerateLocationEvent.uasset" 170
"../../Plugins/FX/Niagara/Content/Functions/Emitter/EmitterChangeState.uasset" 171
"../../Plugins/FX/Niagara/Content/Enums/ENiagaraExecutionStateManagement.uasset" 172
"../../Plugins/FX/Niagara/Content/Modules/Emitter/EmitterState.uasset" 173
"../../Plugins/FX/Niagara/Content/DynamicInputs/ValueFromCurve/FloatFromCurve.uasset" 174
"../../Plugins/FX/Niagara/Content/DynamicInputs/UniformRange/V2/RandomRangeFloat.uasset" 175
"../../Plugins/FX/Niagara/Content/DefaultAssets/DefaultSpriteMaterial.uasset" 176
"../../../../../../Users/prokhorovskiy-m/Documents/Unreal Projects/fieldA/trainingtask/Azur/AzurLane_UI/Content/FirstPersonBP/UI/BG/NewNiagaraSystem1.uasset" 177
"../../../Engine/Content/EngineMaterials/OrientParticle.uasset" 178
"../../../Engine/Content/EngineMaterials/DefaultParticle.uasset" 179
"../../../../../../Users/prokhorovskiy-m/Documents/Unreal Projects/fieldA/trainingtask/Azur/AzurLane_UI/Content/FirstPersonBP/UI/BG/NewParticleSystem.uasset" 180
"../../../../../../Users/prokhorovskiy-m/Documents/Unreal Projects/fieldA/trainingtask/Azur/AzurLane_UI/Content/FirstPersonBP/UI/Characters/Daco_6045066.uasset" 181
"../../../../../../Users/prokhorovskiy-m/Documents/Unreal Projects/fieldA/trainingtask/Azur/AzurLane_UI/Content/FirstPersonBP/UI/Characters/Takao.uasset" 182
"../../../../../../Users/prokhorovskiy-m/Documents/Unreal Projects/fieldA/trainingtask/Azur/AzurLane_UI/Content/FirstPersonBP/UI/Font/Fyodor-BoldCondensedOblique.uasset" 183
"../../../../../../Users/prokhorovskiy-m/Documents/Unreal Projects/fieldA/trainingtask/Azur/AzurLane_UI/Content/FirstPersonBP/UI/Font/Fyodor-BoldCondensedOblique_Font.uasset" 184
"../../../../../../Users/prokhorovskiy-m/Documents/Unreal Projects/fieldA/trainingtask/Azur/AzurLane_UI/Content/FirstPersonBP/UI/Font/Fyodor-BoldCondensed.uasset" 185
"../../../../../../Users/prokhorovskiy-m/Documents/Unreal Projects/fieldA/trainingtask/Azur/AzurLane_UI/Content/FirstPersonBP/UI/Font/Fyodor-BoldCondensed_Font.uasset" 186
"../../../../../../Users/prokhorovskiy-m/Documents/Unreal Projects/fieldA/trainingtask/Azur/AzurLane_UI/Content/FirstPersonBP/UI/Font/Fyodor-BoldExpandedOblique.uasset" 187
"../../../../../../Users/prokhorovskiy-m/Documents/Unreal Projects/fieldA/trainingtask/Azur/AzurLane_UI/Content/FirstPersonBP/UI/Font/Fyodor-BoldExpandedOblique_Font.uasset" 188
"../../../../../../Users/prokhorovskiy-m/Documents/Unreal Projects/fieldA/trainingtask/Azur/AzurLane_UI/Content/FirstPersonBP/UI/Font/Fyodor-BoldExpanded.uasset" 189
"../../../../../../Users/prokhorovskiy-m/Documents/Unreal Projects/fieldA/trainingtask/Azur/AzurLane_UI/Content/FirstPersonBP/UI/Font/Fyodor-BoldExpanded_Font.uasset" 190
"../../../../../../Users/prokhorovskiy-m/Documents/Unreal Projects/fieldA/trainingtask/Azur/AzurLane_UI/Content/FirstPersonBP/UI/Font/Fyodor-BoldOblique.uasset" 191
"../../../../../../Users/prokhorovskiy-m/Documents/Unreal Projects/fieldA/trainingtask/Azur/AzurLane_UI/Content/FirstPersonBP/UI/Font/Fyodor-BoldOblique_Font.uasset" 192
"../../../../../../Users/prokhorovskiy-m/Documents/Unreal Projects/fieldA/trainingtask/Azur/AzurLane_UI/Content/FirstPersonBP/UI/Frames/active_tab_bottom_png.uasset" 193
"../../../../../../Users/prokhorovskiy-m/Documents/Unreal Projects/fieldA/trainingtask/Azur/AzurLane_UI/Content/FirstPersonBP/UI/Frames/Avatar_frame_png1.uasset" 194
"../../../../../../Users/prokhorovskiy-m/Documents/Unreal Projects/fieldA/trainingtask/Azur/AzurLane_UI/Content/FirstPersonBP/UI/Frames/Avatar_frame_png.uasset" 195
"../../../../../../Users/prokhorovskiy-m/Documents/Unreal Projects/fieldA/trainingtask/Azur/AzurLane_UI/Content/FirstPersonBP/UI/Frames/avatar_placeholder_png1.uasset" 196
"../../../../../../Users/prokhorovskiy-m/Documents/Unreal Projects/fieldA/trainingtask/Azur/AzurLane_UI/Content/FirstPersonBP/UI/Frames/avatar_placeholder_png.uasset" 197
"../../../../../../Users/prokhorovskiy-m/Documents/Unreal Projects/fieldA/trainingtask/Azur/AzurLane_UI/Content/FirstPersonBP/UI/Frames/brilliant_png1.uasset" 198
"../../../../../../Users/prokhorovskiy-m/Documents/Unreal Projects/fieldA/trainingtask/Azur/AzurLane_UI/Content/FirstPersonBP/UI/Frames/brilliant_png.uasset" 199
"../../../../../../Users/prokhorovskiy-m/Documents/Unreal Projects/fieldA/trainingtask/Azur/AzurLane_UI/Content/FirstPersonBP/UI/Frames/Build_active_png.uasset" 200
"../../../../../../Users/prokhorovskiy-m/Documents/Unreal Projects/fieldA/trainingtask/Azur/AzurLane_UI/Content/FirstPersonBP/UI/Frames/build_btn_png1.uasset" 201
"../../../../../../Users/prokhorovskiy-m/Documents/Unreal Projects/fieldA/trainingtask/Azur/AzurLane_UI/Content/FirstPersonBP/UI/Frames/build_btn_png.uasset" 202
"../../../../../../Users/prokhorovskiy-m/Documents/Unreal Projects/fieldA/trainingtask/Azur/AzurLane_UI/Content/FirstPersonBP/UI/Frames/Build_nonactive_png.uasset" 203
"../../../../../../Users/prokhorovskiy-m/Documents/Unreal Projects/fieldA/trainingtask/Azur/AzurLane_UI/Content/FirstPersonBP/UI/Frames/button_plus_png1.uasset" 204
"../../../../../../Users/prokhorovskiy-m/Documents/Unreal Projects/fieldA/trainingtask/Azur/AzurLane_UI/Content/FirstPersonBP/UI/Frames/button_back_png.uasset" 205
"../../../../../../Users/prokhorovskiy-m/Documents/Unreal Projects/fieldA/trainingtask/Azur/AzurLane_UI/Content/FirstPersonBP/UI/Frames/button_back_png1.uasset" 206
"../../../../../../Users/prokhorovskiy-m/Documents/Unreal Projects/fieldA/trainingtask/Azur/AzurLane_UI/Content/FirstPersonBP/UI/Frames/button_plus_png.uasset" 207
"../../../../../../Users/prokhorovskiy-m/Documents/Unreal Projects/fieldA/trainingtask/Azur/AzurLane_UI/Content/FirstPersonBP/UI/Frames/Button_under_png3.uasset" 208
"../../../../../../Users/prokhorovskiy-m/Documents/Unreal Projects/fieldA/trainingtask/Azur/AzurLane_UI/Content/FirstPersonBP/UI/Frames/Button_under_png1.uasset" 209
"../../../../../../Users/prokhorovskiy-m/Documents/Unreal Projects/fieldA/trainingtask/Azur/AzurLane_UI/Content/FirstPersonBP/UI/Frames/Button_under_png.uasset" 210
"../../../../../../Users/prokhorovskiy-m/Documents/Unreal Projects/fieldA/trainingtask/Azur/AzurLane_UI/Content/FirstPersonBP/UI/Frames/Button_under_png2.uasset" 211
"../../../../../../Users/prokhorovskiy-m/Documents/Unreal Projects/fieldA/trainingtask/Azur/AzurLane_UI/Content/FirstPersonBP/UI/Frames/CA_Icon_png1.uasset" 212
"../../../../../../Users/prokhorovskiy-m/Documents/Unreal Projects/fieldA/trainingtask/Azur/AzurLane_UI/Content/FirstPersonBP/UI/Frames/CA_Icon_png.uasset" 213
"../../../../../../Users/prokhorovskiy-m/Documents/Unreal Projects/fieldA/trainingtask/Azur/AzurLane_UI/Content/FirstPersonBP/UI/Frames/CL_Icon_png1.uasset" 214
"../../../../../../Users/prokhorovskiy-m/Documents/Unreal Projects/fieldA/trainingtask/Azur/AzurLane_UI/Content/FirstPersonBP/UI/Frames/CL_Icon_png.uasset" 215
"../../../../../../Users/prokhorovskiy-m/Documents/Unreal Projects/fieldA/trainingtask/Azur/AzurLane_UI/Content/FirstPersonBP/UI/Frames/CL_Icon_png2.uasset" 216
"../../../../../../Users/prokhorovskiy-m/Documents/Unreal Projects/fieldA/trainingtask/Azur/AzurLane_UI/Content/FirstPersonBP/UI/Frames/coin_png1.uasset" 217
"../../../../../../Users/prokhorovskiy-m/Documents/Unreal Projects/fieldA/trainingtask/Azur/AzurLane_UI/Content/FirstPersonBP/UI/Frames/coin_png.uasset" 218
"../../../../../../Users/prokhorovskiy-m/Documents/Unreal Projects/fieldA/trainingtask/Azur/AzurLane_UI/Content/FirstPersonBP/UI/Frames/cross_plus_png.uasset" 219
"../../../../../../Users/prokhorovskiy-m/Documents/Unreal Projects/fieldA/trainingtask/Azur/AzurLane_UI/Content/FirstPersonBP/UI/Frames/Cross_png.uasset" 220
"../../../../../../Users/prokhorovskiy-m/Documents/Unreal Projects/fieldA/trainingtask/Azur/AzurLane_UI/Content/FirstPersonBP/UI/Frames/CVL_Icon_png.uasset" 221
"../../../../../../Users/prokhorovskiy-m/Documents/Unreal Projects/fieldA/trainingtask/Azur/AzurLane_UI/Content/FirstPersonBP/UI/Frames/CVL_Icon_png2.uasset" 222
"../../../../../../Users/prokhorovskiy-m/Documents/Unreal Projects/fieldA/trainingtask/Azur/AzurLane_UI/Content/FirstPersonBP/UI/Frames/decor_shipbuild_png2.uasset" 223
"../../../../../../Users/prokhorovskiy-m/Documents/Unreal Projects/fieldA/trainingtask/Azur/AzurLane_UI/Content/FirstPersonBP/UI/Frames/decor_shipbuild_png1.uasset" 224
"../../../../../../Users/prokhorovskiy-m/Documents/Unreal Projects/fieldA/trainingtask/Azur/AzurLane_UI/Content/FirstPersonBP/UI/Frames/decor_shipbuild_png.uasset" 225
"../../../../../../Users/prokhorovskiy-m/Documents/Unreal Projects/fieldA/trainingtask/Azur/AzurLane_UI/Content/FirstPersonBP/UI/Frames/Exchange_active_png.uasset" 226
"../../../../../../Users/prokhorovskiy-m/Documents/Unreal Projects/fieldA/trainingtask/Azur/AzurLane_UI/Content/FirstPersonBP/UI/Frames/exchange_btn_png.uasset" 227
"../../../../../../Users/prokhorovskiy-m/Documents/Unreal Projects/fieldA/trainingtask/Azur/AzurLane_UI/Content/FirstPersonBP/UI/Frames/Exchange_nonactive_png.uasset" 228
"../../../../../../Users/prokhorovskiy-m/Documents/Unreal Projects/fieldA/trainingtask/Azur/AzurLane_UI/Content/FirstPersonBP/UI/Frames/Exit_line_neat_png1.uasset" 229
"../../../../../../Users/prokhorovskiy-m/Documents/Unreal Projects/fieldA/trainingtask/Azur/AzurLane_UI/Content/FirstPersonBP/UI/Frames/field_count_png.uasset" 230
"../../../../../../Users/prokhorovskiy-m/Documents/Unreal Projects/fieldA/trainingtask/Azur/AzurLane_UI/Content/FirstPersonBP/UI/Frames/field_count_png1.uasset" 231
"../../../../../../Users/prokhorovskiy-m/Documents/Unreal Projects/fieldA/trainingtask/Azur/AzurLane_UI/Content/FirstPersonBP/UI/Frames/frame_bg_png.uasset" 232
"../../../../../../Users/prokhorovskiy-m/Documents/Unreal Projects/fieldA/trainingtask/Azur/AzurLane_UI/Content/FirstPersonBP/UI/Frames/frame_bg_png1.uasset" 233
"../../../../../../Users/prokhorovskiy-m/Documents/Unreal Projects/fieldA/trainingtask/Azur/AzurLane_UI/Content/FirstPersonBP/UI/Frames/heavybutton_flip_psd.uasset" 234
"../../../../../../Users/prokhorovskiy-m/Documents/Unreal Projects/fieldA/trainingtask/Azur/AzurLane_UI/Content/FirstPersonBP/UI/Frames/heavy_tab_active_png.uasset" 235
"../../../../../../Users/prokhorovskiy-m/Documents/Unreal Projects/fieldA/trainingtask/Azur/AzurLane_UI/Content/FirstPersonBP/UI/Frames/heavy_tab_idle_png.uasset" 236
"../../../../../../Users/prokhorovskiy-m/Documents/Unreal Projects/fieldA/trainingtask/Azur/AzurLane_UI/Content/FirstPersonBP/UI/Frames/home_icon_png1.uasset" 237
"../../../../../../Users/prokhorovskiy-m/Documents/Unreal Projects/fieldA/trainingtask/Azur/AzurLane_UI/Content/FirstPersonBP/UI/Frames/home_icon_png.uasset" 238
"../../../../../../Users/prokhorovskiy-m/Documents/Unreal Projects/fieldA/trainingtask/Azur/AzurLane_UI/Content/FirstPersonBP/UI/Frames/info_png.uasset" 239
"../../../../../../Users/prokhorovskiy-m/Documents/Unreal Projects/fieldA/trainingtask/Azur/AzurLane_UI/Content/FirstPersonBP/UI/Frames/Item_tab_base_png.uasset" 240
"../../../../../../Users/prokhorovskiy-m/Documents/Unreal Projects/fieldA/trainingtask/Azur/AzurLane_UI/Content/FirstPersonBP/UI/Frames/Item_tab_idle_bottom_png1.uasset" 241
"../../../../../../Users/prokhorovskiy-m/Documents/Unreal Projects/fieldA/trainingtask/Azur/AzurLane_UI/Content/FirstPersonBP/UI/Frames/light_tab_active_png.uasset" 242
"../../../../../../Users/prokhorovskiy-m/Documents/Unreal Projects/fieldA/trainingtask/Azur/AzurLane_UI/Content/FirstPersonBP/UI/Frames/light_tab_idle_png.uasset" 243
"../../../../../../Users/prokhorovskiy-m/Documents/Unreal Projects/fieldA/trainingtask/Azur/AzurLane_UI/Content/FirstPersonBP/UI/Frames/Main_container_png2.uasset" 244
"../../../../../../Users/prokhorovskiy-m/Documents/Unreal Projects/fieldA/trainingtask/Azur/AzurLane_UI/Content/FirstPersonBP/UI/Frames/Main_container_png1.uasset" 245
"../../../../../../Users/prokhorovskiy-m/Documents/Unreal Projects/fieldA/trainingtask/Azur/AzurLane_UI/Content/FirstPersonBP/UI/Frames/Main_container_png.uasset" 246
"../../../../../../Users/prokhorovskiy-m/Documents/Unreal Projects/fieldA/trainingtask/Azur/AzurLane_UI/Content/FirstPersonBP/UI/Frames/medalofhonor_slate_png.uasset" 247
"../../../../../../Users/prokhorovskiy-m/Documents/Unreal Projects/fieldA/trainingtask/Azur/AzurLane_UI/Content/FirstPersonBP/UI/Frames/Medal_of_Honor_png1.uasset" 248
"../../../../../../Users/prokhorovskiy-m/Documents/Unreal Projects/fieldA/trainingtask/Azur/AzurLane_UI/Content/FirstPersonBP/UI/Frames/Medal_of_Honor_png.uasset" 249
"../../../../../../Users/prokhorovskiy-m/Documents/Unreal Projects/fieldA/trainingtask/Azur/AzurLane_UI/Content/FirstPersonBP/UI/Frames/oil_png1.uasset" 250
"../../../../../../Users/prokhorovskiy-m/Documents/Unreal Projects/fieldA/trainingtask/Azur/AzurLane_UI/Content/FirstPersonBP/UI/Frames/oil_png.uasset" 251
"../../../../../../Users/prokhorovskiy-m/Documents/Unreal Projects/fieldA/trainingtask/Azur/AzurLane_UI/Content/FirstPersonBP/UI/Frames/Orders_active_png.uasset" 252
"../../../../../../Users/prokhorovskiy-m/Documents/Unreal Projects/fieldA/trainingtask/Azur/AzurLane_UI/Content/FirstPersonBP/UI/Frames/Orders_nonactive_png.uasset" 253
"../../../../../../Users/prokhorovskiy-m/Documents/Unreal Projects/fieldA/trainingtask/Azur/AzurLane_UI/Content/FirstPersonBP/UI/Frames/paw_tap_png.uasset" 254
"../../../../../../Users/prokhorovskiy-m/Documents/Unreal Projects/fieldA/trainingtask/Azur/AzurLane_UI/Content/FirstPersonBP/UI/Frames/paw_tap_png2.uasset" 255
"../../../../../../Users/prokhorovskiy-m/Documents/Unreal Projects/fieldA/trainingtask/Azur/AzurLane_UI/Content/FirstPersonBP/UI/Frames/popup_bg_png.uasset" 256
"../../../../../../Users/prokhorovskiy-m/Documents/Unreal Projects/fieldA/trainingtask/Azur/AzurLane_UI/Content/FirstPersonBP/UI/Frames/popup_confirm_button_png.uasset" 257
"../../../../../../Users/prokhorovskiy-m/Documents/Unreal Projects/fieldA/trainingtask/Azur/AzurLane_UI/Content/FirstPersonBP/UI/Frames/popup_esc_button_png.uasset" 258
"../../../../../../Users/prokhorovskiy-m/Documents/Unreal Projects/fieldA/trainingtask/Azur/AzurLane_UI/Content/FirstPersonBP/UI/Frames/prize_frame_png.uasset" 259
"../../../../../../Users/prokhorovskiy-m/Documents/Unreal Projects/fieldA/trainingtask/Azur/AzurLane_UI/Content/FirstPersonBP/UI/Frames/prize_icon_png.uasset" 260
"../../../../../../Users/prokhorovskiy-m/Documents/Unreal Projects/fieldA/trainingtask/Azur/AzurLane_UI/Content/FirstPersonBP/UI/Frames/resources_slate_png.uasset" 261
"../../../../../../Users/prokhorovskiy-m/Documents/Unreal Projects/fieldA/trainingtask/Azur/AzurLane_UI/Content/FirstPersonBP/UI/Frames/Retire_active_png.uasset" 262
"../../../../../../Users/prokhorovskiy-m/Documents/Unreal Projects/fieldA/trainingtask/Azur/AzurLane_UI/Content/FirstPersonBP/UI/Frames/Retire_nonactive_png.uasset" 263
"../../../../../../Users/prokhorovskiy-m/Documents/Unreal Projects/fieldA/trainingtask/Azur/AzurLane_UI/Content/FirstPersonBP/UI/Frames/Ribbon_png2.uasset" 264
"../../../../../../Users/prokhorovskiy-m/Documents/Unreal Projects/fieldA/trainingtask/Azur/AzurLane_UI/Content/FirstPersonBP/UI/Frames/Ribbon_png1.uasset" 265
"../../../../../../Users/prokhorovskiy-m/Documents/Unreal Projects/fieldA/trainingtask/Azur/AzurLane_UI/Content/FirstPersonBP/UI/Frames/Ribbon_png.uasset" 266
"../../../../../../Users/prokhorovskiy-m/Documents/Unreal Projects/fieldA/trainingtask/Azur/AzurLane_UI/Content/FirstPersonBP/UI/Frames/rounder_png1.uasset" 267
"../../../../../../Users/prokhorovskiy-m/Documents/Unreal Projects/fieldA/trainingtask/Azur/AzurLane_UI/Content/FirstPersonBP/UI/Frames/roundroundbabyroundround_png.uasset" 268
"../../../../../../Users/prokhorovskiy-m/Documents/Unreal Projects/fieldA/trainingtask/Azur/AzurLane_UI/Content/FirstPersonBP/UI/Frames/Ship_tab_idle_png.uasset" 269
"../../../../../../Users/prokhorovskiy-m/Documents/Unreal Projects/fieldA/trainingtask/Azur/AzurLane_UI/Content/FirstPersonBP/UI/Frames/sidetab_active_png1.uasset" 270
"../../../../../../Users/prokhorovskiy-m/Documents/Unreal Projects/fieldA/trainingtask/Azur/AzurLane_UI/Content/FirstPersonBP/UI/Frames/special_tab_active_png.uasset" 271
"../../../../../../Users/prokhorovskiy-m/Documents/Unreal Projects/fieldA/trainingtask/Azur/AzurLane_UI/Content/FirstPersonBP/UI/Frames/special_tab_idle_png.uasset" 272
"../../../../../../Users/prokhorovskiy-m/Documents/Unreal Projects/fieldA/trainingtask/Azur/AzurLane_UI/Content/FirstPersonBP/UI/Frames/Super_Rare_png3.uasset" 273
"../../../../../../Users/prokhorovskiy-m/Documents/Unreal Projects/fieldA/trainingtask/Azur/AzurLane_UI/Content/FirstPersonBP/UI/Frames/Super_Rare_png2.uasset" 274
"../../../../../../Users/prokhorovskiy-m/Documents/Unreal Projects/fieldA/trainingtask/Azur/AzurLane_UI/Content/FirstPersonBP/UI/Frames/Super_Rare_png.uasset" 275
"../../../../../../Users/prokhorovskiy-m/Documents/Unreal Projects/fieldA/trainingtask/Azur/AzurLane_UI/Content/FirstPersonBP/UI/Frames/Super_Rare_png1.uasset" 276
"../../../../../../Users/prokhorovskiy-m/Documents/Unreal Projects/fieldA/trainingtask/Azur/AzurLane_UI/Content/FirstPersonBP/UI/Frames/timer_ribbon_png1.uasset" 277
"../../../../../../Users/prokhorovskiy-m/Documents/Unreal Projects/fieldA/trainingtask/Azur/AzurLane_UI/Content/FirstPersonBP/UI/Frames/timer_ribbon_png.uasset" 278
"../../../../../../Users/prokhorovskiy-m/Documents/Unreal Projects/fieldA/trainingtask/Azur/AzurLane_UI/Content/FirstPersonBP/UI/Frames/timer_slate_png1.uasset" 279
"../../../../../../Users/prokhorovskiy-m/Documents/Unreal Projects/fieldA/trainingtask/Azur/AzurLane_UI/Content/FirstPersonBP/UI/Frames/timer_slate_png.uasset" 280
"../../../../../../Users/prokhorovskiy-m/Documents/Unreal Projects/fieldA/trainingtask/Azur/AzurLane_UI/Content/FirstPersonBP/UI/Frames/WisdomCube_png1.uasset" 281
"../../../../../../Users/prokhorovskiy-m/Documents/Unreal Projects/fieldA/trainingtask/Azur/AzurLane_UI/Content/FirstPersonBP/UI/Frames/WisdomCube_png.uasset" 282
"../../../../../../Users/prokhorovskiy-m/Documents/Unreal Projects/fieldA/trainingtask/Azur/AzurLane_UI/Content/FirstPersonBP/UI/Materials/cursor_animation.uasset" 283
"../../../../../../Users/prokhorovskiy-m/Documents/Unreal Projects/fieldA/trainingtask/Azur/AzurLane_UI/Content/FirstPersonBP/UI/Materials/Cursor_flipbook.uasset" 284
"../../../../../../Users/prokhorovskiy-m/Documents/Unreal Projects/fieldA/trainingtask/Azur/AzurLane_UI/Content/FirstPersonBP/UI/Materials/ezgif-5-eeb3b680bb37.uasset" 285
"../../../../../../Users/prokhorovskiy-m/Documents/Unreal Projects/fieldA/trainingtask/Azur/AzurLane_UI/Content/FirstPersonBP/UI/Textures/Azure_atlas.uasset" 286
"../../../../../../Users/prokhorovskiy-m/Documents/Unreal Projects/fieldA/trainingtask/Azur/AzurLane_UI/Content/FirstPersonBP/UI/Textures/cross_bg.uasset" 287
"../../../../../../Users/prokhorovskiy-m/Documents/Unreal Projects/fieldA/trainingtask/Azur/AzurLane_UI/Content/FirstPersonBP/UI/Textures/frame_bg.uasset" 288
"../../../../../../Users/prokhorovskiy-m/Documents/Unreal Projects/fieldA/trainingtask/Azur/AzurLane_UI/Content/FirstPersonBP/UI/Textures/icons8-apple-arcade-24.uasset" 289
"../../../../../../Users/prokhorovskiy-m/Documents/Unreal Projects/fieldA/trainingtask/Azur/AzurLane_UI/Content/FirstPersonBP/UI/Textures/Main_container.uasset" 290
"../../../../../../Users/prokhorovskiy-m/Documents/Unreal Projects/fieldA/trainingtask/Azur/AzurLane_UI/Content/FirstPersonBP/UI/Textures/rounder.uasset" 291
"../../../../../../Users/prokhorovskiy-m/Documents/Unreal Projects/fieldA/trainingtask/Azur/AzurLane_UI/Content/FirstPersonBP/UI/Textures/tabs.uasset" 292
"../../../../../../Users/prokhorovskiy-m/Documents/Unreal Projects/fieldA/trainingtask/Azur/AzurLane_UI/Content/FirstPersonBP/UI/Widgets/MainWindow.uasset" 293
"../../../../../../Users/prokhorovskiy-m/Documents/Unreal Projects/fieldA/trainingtask/Azur/AzurLane_UI/Content/FirstPersonBP/UI/Widgets/Tab_2nd_heavy.uasset" 294
"../../../../../../Users/prokhorovskiy-m/Documents/Unreal Projects/fieldA/trainingtask/Azur/AzurLane_UI/Content/Geometry/Meshes/CubeMaterial.uasset" 295
"../../../../../../Users/prokhorovskiy-m/Documents/Unreal Projects/fieldA/trainingtask/Azur/AzurLane_UI/Content/Movies/abstract_blue_geometrical_background_with_moving_lines_and_dots__looping_cg_animation____60_fps.uasset" 296
"../../../../../../Users/prokhorovskiy-m/Documents/Unreal Projects/fieldA/trainingtask/Azur/AzurLane_UI/Content/Movies/Control__2019__-_Red_Ink_Loading_Screen___Visuals.uasset" 297
"../../../../../../Users/prokhorovskiy-m/Documents/Unreal Projects/fieldA/trainingtask/Azur/AzurLane_UI/Content/Movies/My_Player.uasset" 298
"../../../../../../Users/prokhorovskiy-m/Documents/Unreal Projects/fieldA/trainingtask/Azur/AzurLane_UI/Content/Movies/My_Player_Video.uasset" 299
"../../../../../../Users/prokhorovskiy-m/Documents/Unreal Projects/fieldA/trainingtask/Azur/AzurLane_UI/Content/Movies/My_Player_Video_Mat.uasset" 300
"../../../../../../Users/prokhorovskiy-m/Documents/Unreal Projects/fieldA/trainingtask/Azur/AzurLane_UI/Content/Movies/No_Copyright_Video__Copyright_Free__Motion_Graphics__Background.uasset" 301
"../../../../../../Users/prokhorovskiy-m/Documents/Unreal Projects/fieldA/trainingtask/Azur/AzurLane_UI/Content/Movies/No_Copyright_Video__Copyright_Free___Motion_Graphics__Background__Animation__Green_Screen__YouTube.uasset" 302
"../../../../../../Users/prokhorovskiy-m/Documents/Unreal Projects/fieldA/trainingtask/Azur/AzurLane_UI/Content/Movies/Black_-_13495.uasset" 303
"../../../../../../Users/prokhorovskiy-m/Documents/Unreal Projects/fieldA/trainingtask/Azur/AzurLane_UI/Content/Movies/SampleVideo.uasset" 304
"../../../../../../Users/prokhorovskiy-m/Documents/Unreal Projects/fieldA/trainingtask/Azur/AzurLane_UI/Content/StarterContent/Architecture/Floor_400x400.uasset" 305
"../../../../../../Users/prokhorovskiy-m/Documents/Unreal Projects/fieldA/trainingtask/Azur/AzurLane_UI/Content/StarterContent/HDRI/HDRI_Epic_Courtyard_Daylight.uasset" 306
"../../../../../../Users/prokhorovskiy-m/Documents/Unreal Projects/fieldA/trainingtask/Azur/AzurLane_UI/Content/StarterContent/Props/SM_MatPreviewMesh_02.uasset" 307
"../../../../../../Users/prokhorovskiy-m/Documents/Unreal Projects/fieldA/trainingtask/Azur/AzurLane_UI/Content/StarterContent/Textures/T_Brick_Clay_Beveled_D.uasset" 308
"../../../../../../Users/prokhorovskiy-m/Documents/Unreal Projects/fieldA/trainingtask/Azur/AzurLane_UI/Content/StarterContent/Textures/T_Brick_Clay_Beveled_M.uasset" 309
"../../../../../../Users/prokhorovskiy-m/Documents/Unreal Projects/fieldA/trainingtask/Azur/AzurLane_UI/Content/StarterContent/Textures/T_Brick_Clay_Beveled_N.uasset" 310
"../../../../../../Users/prokhorovskiy-m/Documents/Unreal Projects/fieldA/trainingtask/Azur/AzurLane_UI/Content/StarterContent/Textures/T_Brick_Clay_New_D.uasset" 311
"../../../../../../Users/prokhorovskiy-m/Documents/Unreal Projects/fieldA/trainingtask/Azur/AzurLane_UI/Content/StarterContent/Textures/T_Brick_Clay_New_M.uasset" 312
"../../../../../../Users/prokhorovskiy-m/Documents/Unreal Projects/fieldA/trainingtask/Azur/AzurLane_UI/Content/StarterContent/Textures/T_Brick_Clay_New_N.uasset" 313
"../../../../../../Users/prokhorovskiy-m/Documents/Unreal Projects/fieldA/trainingtask/Azur/AzurLane_UI/Content/StarterContent/Textures/T_Brick_Clay_Old_D.uasset" 314
"../../../../../../Users/prokhorovskiy-m/Documents/Unreal Projects/fieldA/trainingtask/Azur/AzurLane_UI/Content/StarterContent/Textures/T_Brick_Clay_Old_N.uasset" 315
"../../../../../../Users/prokhorovskiy-m/Documents/Unreal Projects/fieldA/trainingtask/Azur/AzurLane_UI/Content/StarterContent/Textures/T_Brick_Cut_Stone_D.uasset" 316
"../../../../../../Users/prokhorovskiy-m/Documents/Unreal Projects/fieldA/trainingtask/Azur/AzurLane_UI/Content/StarterContent/Textures/T_Brick_Cut_Stone_N.uasset" 317
"../../../../../../Users/prokhorovskiy-m/Documents/Unreal Projects/fieldA/trainingtask/Azur/AzurLane_UI/Content/StarterContent/Textures/T_Brick_Hewn_Stone_D.uasset" 318
"../../../../../../Users/prokhorovskiy-m/Documents/Unreal Projects/fieldA/trainingtask/Azur/AzurLane_UI/Content/StarterContent/Textures/T_Brick_Hewn_Stone_M.uasset" 319
"../../../../../../Users/prokhorovskiy-m/Documents/Unreal Projects/fieldA/trainingtask/Azur/AzurLane_UI/Content/StarterContent/Textures/T_Brick_Hewn_Stone_N.uasset" 320
"../../../../../../Users/prokhorovskiy-m/Documents/Unreal Projects/fieldA/trainingtask/Azur/AzurLane_UI/Content/StarterContent/Textures/T_CobbleStone_Pebble_D.uasset" 321
"../../../../../../Users/prokhorovskiy-m/Documents/Unreal Projects/fieldA/trainingtask/Azur/AzurLane_UI/Content/StarterContent/Textures/T_CobbleStone_Pebble_N.uasset" 322
"../../../../../../Users/prokhorovskiy-m/Documents/Unreal Projects/fieldA/trainingtask/Azur/AzurLane_UI/Content/StarterContent/Textures/T_CobbleStone_Rough_D.uasset" 323
"../../../../../../Users/prokhorovskiy-m/Documents/Unreal Projects/fieldA/trainingtask/Azur/AzurLane_UI/Content/StarterContent/Textures/T_CobbleStone_Rough_N.uasset" 324
"../../../../../../Users/prokhorovskiy-m/Documents/Unreal Projects/fieldA/trainingtask/Azur/AzurLane_UI/Content/StarterContent/Textures/T_CobbleStone_Smooth_D.uasset" 325
"../../../../../../Users/prokhorovskiy-m/Documents/Unreal Projects/fieldA/trainingtask/Azur/AzurLane_UI/Content/StarterContent/Textures/T_CobbleStone_Smooth_M.uasset" 326
"../../../../../../Users/prokhorovskiy-m/Documents/Unreal Projects/fieldA/trainingtask/Azur/AzurLane_UI/Content/StarterContent/Textures/T_CobbleStone_Smooth_N.uasset" 327
"../../../../../../Users/prokhorovskiy-m/Documents/Unreal Projects/fieldA/trainingtask/Azur/AzurLane_UI/Content/StarterContent/Textures/T_Concrete_Grime_D.uasset" 328
"../../../../../../Users/prokhorovskiy-m/Documents/Unreal Projects/fieldA/trainingtask/Azur/AzurLane_UI/Content/StarterContent/Textures/T_Concrete_Panels_D.uasset" 329
"../../../../../../Users/prokhorovskiy-m/Documents/Unreal Projects/fieldA/trainingtask/Azur/AzurLane_UI/Content/StarterContent/Textures/T_Concrete_Panels_N.uasset" 330
"../../../../../../Users/prokhorovskiy-m/Documents/Unreal Projects/fieldA/trainingtask/Azur/AzurLane_UI/Content/StarterContent/Textures/T_Concrete_Poured_D.uasset" 331
"../../../../../../Users/prokhorovskiy-m/Documents/Unreal Projects/fieldA/trainingtask/Azur/AzurLane_UI/Content/StarterContent/Textures/T_Concrete_Poured_N.uasset" 332
"../../../../../../Users/prokhorovskiy-m/Documents/Unreal Projects/fieldA/trainingtask/Azur/AzurLane_UI/Content/StarterContent/Textures/T_Concrete_Tiles_D.uasset" 333
"../../../../../../Users/prokhorovskiy-m/Documents/Unreal Projects/fieldA/trainingtask/Azur/AzurLane_UI/Content/StarterContent/Textures/T_Concrete_Tiles_M.uasset" 334
"../../../../../../Users/prokhorovskiy-m/Documents/Unreal Projects/fieldA/trainingtask/Azur/AzurLane_UI/Content/StarterContent/Textures/T_Concrete_Tiles_N.uasset" 335
"../../../../../../Users/prokhorovskiy-m/Documents/Unreal Projects/fieldA/trainingtask/Azur/AzurLane_UI/Content/StarterContent/Textures/T_Detail_Rocky_N.uasset" 336
"../../../../../../Users/prokhorovskiy-m/Documents/Unreal Projects/fieldA/trainingtask/Azur/AzurLane_UI/Content/StarterContent/Textures/T_Explosion_SubUV.uasset" 337
"../../../../../../Users/prokhorovskiy-m/Documents/Unreal Projects/fieldA/trainingtask/Azur/AzurLane_UI/Content/StarterContent/Textures/T_Ground_Grass_D.uasset" 338
"../../../../../../Users/prokhorovskiy-m/Documents/Unreal Projects/fieldA/trainingtask/Azur/AzurLane_UI/Content/StarterContent/Textures/T_Ground_Grass_N.uasset" 339
"../../../../../../Users/prokhorovskiy-m/Documents/Unreal Projects/fieldA/trainingtask/Azur/AzurLane_UI/Content/StarterContent/Textures/T_Ground_Gravel_D.uasset" 340
"../../../../../../Users/prokhorovskiy-m/Documents/Unreal Projects/fieldA/trainingtask/Azur/AzurLane_UI/Content/StarterContent/Textures/T_Ground_Gravel_N.uasset" 341
"../../../../../../Users/prokhorovskiy-m/Documents/Unreal Projects/fieldA/trainingtask/Azur/AzurLane_UI/Content/StarterContent/Textures/T_ground_Moss_D.uasset" 342
"../../../../../../Users/prokhorovskiy-m/Documents/Unreal Projects/fieldA/trainingtask/Azur/AzurLane_UI/Content/StarterContent/Textures/T_Ground_Moss_N.uasset" 343
"../../../../../../Users/prokhorovskiy-m/Documents/Unreal Projects/fieldA/trainingtask/Azur/AzurLane_UI/Content/StarterContent/Textures/T_MacroVariation.uasset" 344
"../../../../../../Users/prokhorovskiy-m/Documents/Unreal Projects/fieldA/trainingtask/Azur/AzurLane_UI/Content/StarterContent/Textures/T_Metal_Aluminum_D.uasset" 345
"../../../../../../Users/prokhorovskiy-m/Documents/Unreal Projects/fieldA/trainingtask/Azur/AzurLane_UI/Content/StarterContent/Textures/T_Metal_Copper_D.uasset" 346
"../../../../../../Users/prokhorovskiy-m/Documents/Unreal Projects/fieldA/trainingtask/Azur/AzurLane_UI/Content/StarterContent/Textures/T_Metal_Gold_D.uasset" 347
"../../../../../../Users/prokhorovskiy-m/Documents/Unreal Projects/fieldA/trainingtask/Azur/AzurLane_UI/Content/StarterContent/Textures/T_Metal_Gold_N.uasset" 348
"../../../../../../Users/prokhorovskiy-m/Documents/Unreal Projects/fieldA/trainingtask/Azur/AzurLane_UI/Content/StarterContent/Textures/T_Metal_Rust_D.uasset" 349
"../../../../../../Users/prokhorovskiy-m/Documents/Unreal Projects/fieldA/trainingtask/Azur/AzurLane_UI/Content/StarterContent/Textures/T_Metal_Rust_N.uasset" 350
"../../../../../../Users/prokhorovskiy-m/Documents/Unreal Projects/fieldA/trainingtask/Azur/AzurLane_UI/Content/StarterContent/Textures/T_Metal_Steel_D.uasset" 351
"../../../../../../Users/prokhorovskiy-m/Documents/Unreal Projects/fieldA/trainingtask/Azur/AzurLane_UI/Content/StarterContent/Textures/T_Metal_Steel_N.uasset" 352
"../../../../../../Users/prokhorovskiy-m/Documents/Unreal Projects/fieldA/trainingtask/Azur/AzurLane_UI/Content/StarterContent/Textures/T_Perlin_Noise_M.uasset" 353
"../../../../../../Users/prokhorovskiy-m/Documents/Unreal Projects/fieldA/trainingtask/Azur/AzurLane_UI/Content/StarterContent/Textures/T_RockMesh_M.uasset" 354
"../../../../../../Users/prokhorovskiy-m/Documents/Unreal Projects/fieldA/trainingtask/Azur/AzurLane_UI/Content/StarterContent/Textures/T_RockMesh_N.uasset" 355
"../../../../../../Users/prokhorovskiy-m/Documents/Unreal Projects/fieldA/trainingtask/Azur/AzurLane_UI/Content/StarterContent/Textures/T_Rock_Basalt_D.uasset" 356
"../../../../../../Users/prokhorovskiy-m/Documents/Unreal Projects/fieldA/trainingtask/Azur/AzurLane_UI/Content/StarterContent/Textures/T_Rock_Basalt_N.uasset" 357
"../../../../../../Users/prokhorovskiy-m/Documents/Unreal Projects/fieldA/trainingtask/Azur/AzurLane_UI/Content/StarterContent/Textures/T_Rock_Marble_Polished_D.uasset" 358
"../../../../../../Users/prokhorovskiy-m/Documents/Unreal Projects/fieldA/trainingtask/Azur/AzurLane_UI/Content/StarterContent/Textures/T_Rock_Sandstone_D.uasset" 359
"../../../../../../Users/prokhorovskiy-m/Documents/Unreal Projects/fieldA/trainingtask/Azur/AzurLane_UI/Content/StarterContent/Textures/T_Rock_Sandstone_N.uasset" 360
"../../../../../../Users/prokhorovskiy-m/Documents/Unreal Projects/fieldA/trainingtask/Azur/AzurLane_UI/Content/StarterContent/Textures/T_Rock_Slate_D.uasset" 361
"../../../../../../Users/prokhorovskiy-m/Documents/Unreal Projects/fieldA/trainingtask/Azur/AzurLane_UI/Content/StarterContent/Textures/T_Rock_Slate_N.uasset" 362
"../../../../../../Users/prokhorovskiy-m/Documents/Unreal Projects/fieldA/trainingtask/Azur/AzurLane_UI/Content/StarterContent/Textures/T_Rock_Smooth_Granite_D.uasset" 363
"../../../../../../Users/prokhorovskiy-m/Documents/Unreal Projects/fieldA/trainingtask/Azur/AzurLane_UI/Content/StarterContent/Textures/T_Smoke_SubUV.uasset" 364
"../../../../../../Users/prokhorovskiy-m/Documents/Unreal Projects/fieldA/trainingtask/Azur/AzurLane_UI/Content/StarterContent/Textures/T_Wood_Floor_Walnut_D.uasset" 365
"../../../../../../Users/prokhorovskiy-m/Documents/Unreal Projects/fieldA/trainingtask/Azur/AzurLane_UI/Content/StarterContent/Textures/T_Wood_Floor_Walnut_M.uasset" 366
"../../../../../../Users/prokhorovskiy-m/Documents/Unreal Projects/fieldA/trainingtask/Azur/AzurLane_UI/Content/StarterContent/Textures/T_Wood_Floor_Walnut_N.uasset" 367
"../../../../../../Users/prokhorovskiy-m/Documents/Unreal Projects/fieldA/trainingtask/Azur/AzurLane_UI/Content/StarterContent/Textures/T_Wood_Oak_D.uasset" 368
"../../../../../../Users/prokhorovskiy-m/Documents/Unreal Projects/fieldA/trainingtask/Azur/AzurLane_UI/Content/StarterContent/Textures/T_Wood_Oak_N.uasset" 369
"../../../../../../Users/prokhorovskiy-m/Documents/Unreal Projects/fieldA/trainingtask/Azur/AzurLane_UI/Content/StarterContent/Textures/T_Wood_Pine_D.uasset" 370
"../../../../../../Users/prokhorovskiy-m/Documents/Unreal Projects/fieldA/trainingtask/Azur/AzurLane_UI/Content/StarterContent/Textures/T_Wood_Pine_N.uasset" 371
"../../../../../../Users/prokhorovskiy-m/Documents/Unreal Projects/fieldA/trainingtask/Azur/AzurLane_UI/Content/StarterContent/Textures/T_Wood_Walnut_D.uasset" 372
"../../../../../../Users/prokhorovskiy-m/Documents/Unreal Projects/fieldA/trainingtask/Azur/AzurLane_UI/Content/StarterContent/Textures/T_Wood_Walnut_N.uasset" 373
"../../../Engine/Content/EngineMaterials/T_Default_Material_Grid_N.uasset" 374
"../../../Engine/Content/EngineMaterials/T_Default_Material_Grid_M.uasset" 375
"../../../Engine/Content/Functions/Engine_MaterialFunctions01/Opacity/CameraDepthFade.uasset" 376
"../../../Engine/Content/EngineMaterials/WorldGridMaterial.uasset" 377
"../../../Engine/Content/ArtTools/RenderToTexture/Meshes/S_1_Unit_Plane.uasset" 378
"../../../Engine/Content/EngineMaterials/DefaultMaterial.uasset" 379
"../../../Engine/Content/BasicShapes/Cone.uasset" 380
"../../../Engine/Content/BasicShapes/Cube.uasset" 381
"../../../Engine/Content/BasicShapes/Plane.uasset" 382
"../../../Engine/Content/BasicShapes/Sphere.uasset" 383
"../../../Engine/Content/EditorLandscapeResources/DataLayer.uasset" 384
"../../../Engine/Content/EditorLandscapeResources/DefaultAlphaTexture.uasset" 385
"../../../Engine/Content/EditorMaterials/MAT_Groups_Toggle.uasset" 386
"../../../Engine/Content/EditorMaterials/MAT_Groups_Visibility.uasset" 387
"../../../Engine/Content/EditorMaterials/PreviewShadowIndicator.uasset" 388
"../../../Engine/Content/EditorMaterials/PreviewShadowIndicatorMaterial.uasset" 389
"../../../Engine/Content/EditorMaterials/MatineeGroups/MAT_ColorTrack.uasset" 390
"../../../Engine/Content/EditorMaterials/MatineeGroups/MAT_Groups_Anim.uasset" 391
"../../../Engine/Content/EditorMaterials/MatineeGroups/MAT_Groups_AudioMaster.uasset" 392
"../../../Engine/Content/EditorMaterials/MatineeGroups/MAT_Groups_Director.uasset" 393
"../../../Engine/Content/EditorMaterials/MatineeGroups/MAT_Groups_Event.uasset" 394
"../../../Engine/Content/EditorMaterials/MatineeGroups/MAT_Groups_Fade.uasset" 395
"../../../Engine/Content/EditorMaterials/MatineeGroups/MAT_Groups_Float.uasset" 396
"../../../Engine/Content/EditorMaterials/MatineeGroups/MAT_Groups_Move.uasset" 397
"../../../Engine/Content/EditorMaterials/MatineeGroups/MAT_Groups_Slomo.uasset" 398
"../../../Engine/Content/EditorMaterials/MatineeGroups/MAT_Groups_Sound.uasset" 399
"../../../Engine/Content/EditorMaterials/MatineeGroups/MAT_Groups_Vector.uasset" 400
"../../../Engine/Content/EditorMaterials/ParticleSystems/PSysThumbnail_NoImage.uasset" 401
"../../../Engine/Content/EditorMaterials/ParticleSystems/PSysThumbnail_OOD.uasset" 402
"../../../Engine/Content/EditorMaterials/Camera/CineMat.uasset" 403
"../../../Engine/Content/EditorMaterials/Camera/MI_CineMat_Rig.uasset" 404
"../../../Engine/Content/EditorMeshes/Camera/SM_CraneRig_Arm.uasset" 405
"../../../Engine/Content/EditorMeshes/Camera/SM_CraneRig_Base.uasset" 406
"../../../Engine/Content/EditorMeshes/Camera/SM_CraneRig_Body.uasset" 407
"../../../Engine/Content/EditorMeshes/Camera/SM_CraneRig_Mount.uasset" 408
"../../../Engine/Content/EditorMeshes/Camera/SM_RailRig_Mount.uasset" 409
"../../../Engine/Content/EditorMeshes/Camera/SM_RailRig_Track.uasset" 410
"../../../Engine/Content/EditorResources/BSPVertex.uasset" 411
"../../../Engine/Content/EditorResources/EmptyActor.uasset" 412
"../../../Engine/Content/EditorResources/S_Actor.uasset" 413
"../../../Engine/Content/EditorResources/S_Note.uasset" 414
"../../../Engine/Content/EditorResources/S_Solver.uasset" 415
"../../../Engine/Content/EditorResources/S_Terrain.uasset" 416
"../../../Engine/Content/EditorResources/S_Trigger.uasset" 417
"../../../Engine/Content/EditorResources/LightIcons/S_LightError.uasset" 418
"../../../Engine/Content/EditorResources/SequenceRecorder/Countdown.uasset" 419
"../../../Engine/Content/EditorResources/SequenceRecorder/RecordingIndicator.uasset" 420
"../../../Engine/Content/EngineDamageTypes/DmgTypeBP_Environmental.uasset" 421
"../../../Engine/Content/EngineDebugMaterials/DebugEditorMaterial.uasset" 422
"../../../Engine/Content/EngineDebugMaterials/DebugMeshMaterial.uasset" 423
"../../../Engine/Content/EngineDebugMaterials/M_SimpleUnlitTranslucent.uasset" 424
"../../../Engine/Content/EngineDebugMaterials/VolumeToRender.uasset" 425
"../../../Engine/Content/Functions/Engine_MaterialFunctions02/Utility/CameraDirectionVector.uasset" 426
"../../../Engine/Content/EngineDebugMaterials/M_VolumeRenderSphereTracePP.uasset" 427
"../../../Engine/Content/Functions/Engine_MaterialFunctions01/Shading/ConvertFromDiffSpec.uasset" 428
"../../../Engine/Content/EngineDebugMaterials/VertexColorMaterial.uasset" 429
"../../../Engine/Content/EngineDebugMaterials/WireframeMaterial.uasset" 430
"../../../Engine/Content/EngineFonts/Faces/DroidSansFallback.uasset" 431
"../../../Engine/Content/EngineFonts/Faces/RobotoRegular.uasset" 432
"../../../Engine/Content/EngineFonts/Faces/RobotoLight.uasset" 433
"../../../Engine/Content/EngineFonts/Faces/RobotoItalic.uasset" 434
"../../../Engine/Content/EngineFonts/Faces/RobotoBoldItalic.uasset" 435
"../../../Engine/Content/EngineFonts/Faces/RobotoBold.uasset" 436
"../../../Engine/Content/EngineFonts/Roboto.uasset" 437
"../../../Engine/Content/EngineMaterials/BaseFlattenNormalMap.uasset" 438
"../../../Engine/Content/EngineMaterials/BaseFlattenGrayscaleMap.uasset" 439
"../../../Engine/Content/EngineMaterials/BaseFlattenEmissiveMap.uasset" 440
"../../../Engine/Content/EngineMaterials/BaseFlattenDiffuseMap.uasset" 441
"../../../Engine/Content/EngineMaterials/BaseFlattenMaterial.uasset" 442
"../../../Engine/Content/EngineMaterials/BlueNoise.uasset" 443
"../../../Engine/Content/EngineMaterials/DefaultBloomKernel.uasset" 444
"../../../Engine/Content/EngineMaterials/DefaultBokeh.uasset" 445
"../../../Engine/Content/EngineMaterials/DefaultDeferredDecalMaterial.uasset" 446
"../../../Engine/Content/EngineMaterials/DefaultLightFunctionMaterial.uasset" 447
"../../../Engine/Content/EngineMaterials/DefaultPhysicalMaterial.uasset" 448
"../../../Engine/Content/EngineMaterials/DefaultPostProcessMaterial.uasset" 449
"../../../Engine/Content/EngineFonts/RobotoDistanceField.uasset" 450
"../../../Engine/Content/EngineMaterials/DefaultTextMaterialOpaque.uasset" 451
"../../../Engine/Content/EngineMaterials/DefaultWhiteGrid.uasset" 452
"../../../Engine/Content/EngineMaterials/DefaultWhiteGrid_Low.uasset" 453
"../../../Engine/Content/EngineMaterials/EmissiveMeshMaterial.uasset" 454
"../../../Engine/Content/EngineMaterials/GizmoMaterial.uasset" 455
"../../../Engine/Content/EngineMaterials/Good64x64TilingNoiseHighFreq.uasset" 456
"../../../Engine/Content/EngineMaterials/MiniFont.uasset" 457
"../../../Engine/Content/EngineMaterials/InvalidLightmapSettings.uasset" 458
"../../../Engine/Content/EngineMaterials/M_InvalidLightmapSettings.uasset" 459
"../../../Engine/Content/Functions/Engine_MaterialFunctions02/WorldPositionOffset/CameraOffset.uasset" 460
"../../../Engine/Content/EngineMaterials/PhAT_JointLimitMaterial.uasset" 461
"../../../Engine/Content/EngineMaterials/PreintegratedSkinBRDF.uasset" 462
"../../../Engine/Content/EngineMaterials/RemoveSurfaceMaterial.uasset" 463
"../../../Engine/Content/EngineMaterials/WeightMapPlaceholderTexture.uasset" 464
"../../../Engine/Content/EngineResources/WhiteSquareTexture.uasset" 465
"../../../Engine/Content/EngineMaterials/Widget3DPassThrough.uasset" 466
"../../../Engine/Content/EngineMaterials/Widget3DPassThrough_Masked.uasset" 467
"../../../Engine/Content/EngineMaterials/Widget3DPassThrough_Opaque.uasset" 468
"../../../Engine/Content/EngineMaterials/Widget3DPassThrough_Masked_OneSided.uasset" 469
"../../../Engine/Content/EngineMaterials/Widget3DPassThrough_Opaque_OneSided.uasset" 470
"../../../Engine/Content/EngineMaterials/Widget3DPassThrough_Translucent.uasset" 471
"../../../Engine/Content/EngineMaterials/Widget3DPassThrough_Translucent_OneSided.uasset" 472
"../../../Engine/Content/EngineMeshes/Cylinder.uasset" 473
"../../../Engine/Content/EngineMeshes/Sphere.uasset" 474
"../../../Engine/Content/EngineResources/Black.uasset" 475
"../../../Engine/Content/EngineResources/DefaultTextureCube.uasset" 476
"../../../Engine/Content/EngineResources/DefaultVolumeTexture2D.uasset" 477
"../../../Engine/Content/EngineResources/DefaultVolumeTexture.uasset" 478
"../../../Engine/Content/EngineResources/GradientTexture0.uasset" 479
"../../../Engine/Content/EngineSky/VolumetricClouds/T_NoiseShape64.uasset" 480
"../../../Engine/Content/EngineSky/VolumetricClouds/T_VolumeNoiseShape64.uasset" 481
"../../../Engine/Content/EngineSky/VolumetricClouds/T_NoiseErosion.uasset" 482
"../../../Engine/Content/EngineSky/VolumetricClouds/T_VolumeNoiseErosion32.uasset" 483
"../../../Engine/Content/EngineSky/VolumetricClouds/CloudWeatherTexture.uasset" 484
"../../../Engine/Content/EngineSky/VolumetricClouds/CloudGradientTexture.uasset" 485
"../../../Engine/Content/Functions/Engine_MaterialFunctions02/Utility/MakeFloat2.uasset" 486
"../../../Engine/Content/EngineSky/VolumetricClouds/m_SimpleVolumetricCloud.uasset" 487
"../../../Engine/Content/EngineSky/VolumetricClouds/m_SimpleVolumetricCloud_Inst.uasset" 488
"../../../Engine/Content/EngineSounds/Master.uasset" 489
"../../../Engine/Content/Functions/Engine_MaterialFunctions01/Shading/PowerToRoughness.uasset" 490
"../../../Engine/Content/Maps/Templates/Thumbnails/Default.uasset" 491
"../../../Engine/Content/Maps/Templates/Thumbnails/TimeOfDay.uasset" 492
"../../../Engine/Content/Maps/Templates/Thumbnails/VR-Basic.uasset" 493
"../../../Engine/Content/MobileResources/T_MobileControls_texture.uasset" 494
"../../../Engine/Content/MobileResources/T_MobileMenu2.uasset" 495
"../../../Engine/Content/MobileResources/HUD/AnalogHat.uasset" 496
"../../../Engine/Content/MobileResources/HUD/VirtualJoystick_Thumb.uasset" 497
"../../../Engine/Content/MobileResources/HUD/VirtualJoystick_Background.uasset" 498
"../../../Engine/Content/MobileResources/HUD/DefaultVirtualJoysticks.uasset" 499
"../../../Engine/Content/MobileResources/HUD/LeftVirtualJoystickOnly.uasset" 500
"../../../Engine/Content/MobileResources/HUD/MobileHUDButton1_off.uasset" 501
"../../../Engine/Content/MobileResources/HUD/MobileHUDButton1_on.uasset" 502
"../../../Engine/Content/MobileResources/HUD/MobileHUDButton2_off.uasset" 503
"../../../Engine/Content/MobileResources/HUD/MobileHUDButton2_on.uasset" 504
"../../../Engine/Content/MobileResources/HUD/MobileHUDButton3.uasset" 505
"../../../Engine/Content/MobileResources/HUD/MobileHUDButtonFire.uasset" 506
"../../../Engine/Content/MobileResources/HUD/MobileHUDDirectionPad.uasset" 507
"../../../Engine/Content/MobileResources/HUD/MobileHUDDirectionPad2.uasset" 508
"../../../Engine/Content/MobileResources/HUD/MobileHUDDirectionPad3.uasset" 509
"../../../Engine/Content/MobileResources/HUD/MobileHUDDirectionStick.uasset" 510
"../../../Engine/Content/MobileResources/HUD/T_Castle_ThumbstickInner.uasset" 511
"../../../Engine/Content/MobileResources/HUD/T_Castle_ThumbstickOutter.uasset" 512
"../../../Engine/Content/Tutorial/ContentIntroCurve.uasset" 513
"../../../Engine/Content/Tutorial/Basics/LevelEditorAttract.uasset" 514
"../../../Engine/Content/VREditor/TransformGizmo/TranslucentTransformGizmoMaterial.uasset" 515
"../../../Engine/Content/VREditor/LaserPointer/VR_LaserPower_01.uasset" 516
"../../../Engine/Content/VREditor/TransformGizmo/TransformGizmoMaterial.uasset" 517
"../../../Engine/Content/VREditor/TransformGizmo/BoundingBoxCorner.uasset" 518
"../../../Engine/Content/VREditor/TransformGizmo/BoundingBoxEdge.uasset" 519
"../../../Engine/Content/VREditor/TransformGizmo/PlaneTranslationHandle.uasset" 520
"../../../Engine/Content/VREditor/TransformGizmo/Xray.uasset" 521
"../../../Engine/Content/VREditor/TransformGizmo/Main.uasset" 522
"../../../Engine/Content/VREditor/TransformGizmo/SM_Sequencer_Key.uasset" 523
"../../../Engine/Content/VREditor/TransformGizmo/SM_Sequencer_Node.uasset" 524
"../../Plugins/2D/Paper2D/Content/DummySprite.uasset" 525
"../../Plugins/2D/Paper2D/Content/DefaultPaperTerrainMaterial.uasset" 526
"../../Plugins/2D/Paper2D/Content/MaskedUnlitSpriteMaterial.uasset" 527
"../../Plugins/2D/Paper2D/Content/OpaqueUnlitSpriteMaterial.uasset" 528
"../../../Engine/Content/Functions/Engine_MaterialFunctions02/Utility/BreakOutFloat3Components.uasset" 529
"../../Plugins/Editor/SpeedTreeImporter/Content/SpeedTree9/UnpackInteger3.uasset" 530
"../../Plugins/Editor/SpeedTreeImporter/Content/SpeedTree9/UnpackDirection.uasset" 531
"../../Plugins/Editor/SpeedTreeImporter/Content/SpeedTree9/game_wind_noise.uasset" 532
"../../../Engine/Content/Functions/Engine_MaterialFunctions02/SafeNormalize.uasset" 533
"../../Plugins/Editor/SpeedTreeImporter/Content/SpeedTree9/SpeedTreeWindMotion.uasset" 534
"../../Plugins/Editor/SpeedTreeImporter/Content/SpeedTree9/SpeedTreeBranchMotion.uasset" 535
"../../../Engine/Content/Functions/Engine_MaterialFunctions02/ObjectLocalBounds.uasset" 536
"../../../Engine/Content/Functions/Engine_MaterialFunctions02/UVs/BoundingBoxBased_0-1_UVW.uasset" 537
"../../Plugins/Editor/SpeedTreeImporter/Content/SpeedTree9/SpeedTreeWind.uasset" 538
"../../Plugins/Editor/SpeedTreeImporter/Content/SpeedTree9/SpeedTreeBillboard.uasset" 539
"../../../Engine/Content/EngineResources/DefaultTexture.uasset" 540
"../../Plugins/Editor/SpeedTreeImporter/Content/SpeedTree9/SpeedTreeBillboardMaster.uasset" 541
"../../Plugins/Editor/SpeedTreeImporter/Content/SpeedTree9/SpeedTreeCameraFacing.uasset" 542
"../../Plugins/Editor/SpeedTreeImporter/Content/SpeedTree9/SpeedTreeMaster.uasset" 543
"../../../Engine/Content/BasicShapes/Cylinder.uasset" 544
"../../../Engine/Content/ArtTools/RenderToTexture/Materials/Debug/M_Emissive_Color.uasset" 545
"../../Plugins/Lumin/MagicLeapPassableWorld/Content/MagicLeapARPinInfoActor.uasset" 546
"../../../Engine/Content/Functions/Engine_MaterialFunctions02/Utility/BreakOutFloat4Components.uasset" 547
"../../../Engine/Content/Functions/Engine_MaterialFunctions02/Utility/MakeFloat3.uasset" 548
"../../Plugins/Runtime/Oculus/OculusVR/Content/Materials/OculusMR_ChromaKey.uasset" 549
"../../Plugins/Runtime/Oculus/OculusVR/Content/Materials/OculusMR_OpaqueColoredMaterial.uasset" 550
"../../Plugins/Runtime/Oculus/OculusVR/Content/Materials/PokeAHoleMaterial.uasset" 551
"../../../Engine/Content/EngineSky/T_Sky_Stars.uasset" 552
"../../../Engine/Content/EngineSky/T_Sky_Clouds_M.uasset" 553
"../../../Engine/Content/EngineSky/T_Sky_Blue.uasset" 554
"../../Plugins/FX/Niagara/Content/Enums/ENiagaraMassByVolume.uasset" 555
"../../Plugins/FX/Niagara/Content/Modules/Update/Mass/CalculateSizeAndRotationalInertiaByMass.uasset" 556
"../../Plugins/FX/Niagara/Content/Modules/Update/Color/Color.uasset" 557
"../../Plugins/FX/Niagara/Content/Functions/Spline/FindPositionOnBezierSpline.uasset" 558
"../../Plugins/FX/Niagara/Content/Modules/Beams/UpdateBeam.uasset" 559
"../../Plugins/FX/Niagara/Content/Functions/NormalizedExecutionIndex.uasset" 560
"../../Plugins/FX/Niagara/Content/Modules/Beams/SpawnBeam.uasset" 561
"../../Plugins/FX/Niagara/Content/Modules/Beams/BeamWidth.uasset" 562
"../../Plugins/FX/Niagara/Content/Functions/Localspace/TransformPosition.uasset" 563
"../../Plugins/FX/Niagara/Content/DynamicInputs/Helpers/SimulationPosition.uasset" 564
"../../Plugins/FX/Niagara/Content/DynamicInputs/Multiply/Multiply_VectorByFloat.uasset" 565
"../../Plugins/FX/Niagara/Content/Modules/Beams/BeamEmitterSetup.uasset" 566
"../../Plugins/FX/Niagara/Content/DynamicInputs/TypeConversions/VectorFromFloat.uasset" 567
"../../Plugins/FX/Niagara/Content/DynamicInputs/Multiply/Multiply_Vector.uasset" 568
"../../Plugins/FX/Niagara/Content/Modules/Emitter/SpawnRate.uasset" 569
"../../../../../../Users/prokhorovskiy-m/Documents/Unreal Projects/fieldA/trainingtask/Azur/AzurLane_UI/Content/FirstPersonBP/UI/BG/NewNiagaraEmitter.uasset" 570
"../../Plugins/FX/Niagara/Content/Enums/ENiagaraSphereDistributionMode.uasset" 571
"../../Plugins/FX/Niagara/Content/Enums/ENiagaraExpansionMode.uasset" 572
"../../Plugins/FX/Niagara/Content/Modules/Update/Size/ScaleSpriteSize.uasset" 573
"../../Plugins/FX/Niagara/Content/Functions/V2/CalculateRandomPointInSphere.uasset" 574
"../../Plugins/FX/Niagara/Content/Functions/SphericalToCartesianCoordinates.uasset" 575
"../../Plugins/FX/Niagara/Content/Modules/Spawn/Location/V2/SphereLocation.uasset" 576
"../../Plugins/FX/Niagara/Content/Modules/Spawn/Location/SpawnParticlesInGrid.uasset" 577
"../../Plugins/FX/Niagara/Content/Functions/RandomPointInBox.uasset" 578
"../../Plugins/FX/Niagara/Content/Functions/IsolateLongestVectorComponent.uasset" 579
"../../Plugins/FX/Niagara/Content/Functions/Rotation/RotateAngleOnAxis.uasset" 580
"../../Plugins/FX/Niagara/Content/Modules/Spawn/Location/BoxLocation.uasset" 581
"../../Plugins/FX/Niagara/Content/DynamicInputs/TypeConversions/Vector2DFromFloat.uasset" 582
"../../../../../../Users/prokhorovskiy-m/Documents/Unreal Projects/fieldA/trainingtask/Azur/AzurLane_UI/Content/FirstPersonBP/UI/BG/Dust_around.uasset" 583
"../../../../../../Users/prokhorovskiy-m/Documents/Unreal Projects/fieldA/trainingtask/Azur/AzurLane_UI/Content/FirstPersonBP/UI/BG/NewNiagaraSystem.uasset" 584
"../../../Engine/Content/EngineSky/M_Sky_Panning_Clouds2.uasset" 585
"../../../Engine/Content/EngineSky/SM_SkySphere.uasset" 586
"../../../Engine/Content/EngineSky/C_Sky_Zenith_Color.uasset" 587
"../../../Engine/Content/EngineSky/C_Sky_Horizon_Color.uasset" 588
"../../../Engine/Content/EngineSky/C_Sky_Cloud_Color.uasset" 589
"../../../Engine/Content/EditorBlueprintResources/StandardMacros.uasset" 590
"../../../Engine/Content/EngineSky/BP_Sky_Sphere.uasset" 591
"../../../../../../Users/prokhorovskiy-m/Documents/Unreal Projects/fieldA/trainingtask/Azur/AzurLane_UI/Content/FirstPersonBP/Blueprints/FirstPersonHUD.uasset" 592
"../../../../../../Users/prokhorovskiy-m/Documents/Unreal Projects/fieldA/trainingtask/Azur/AzurLane_UI/Content/FirstPersonBP/Blueprints/FirstPersonProjectile.uasset" 593
"../../../../../../Users/prokhorovskiy-m/Documents/Unreal Projects/fieldA/trainingtask/Azur/AzurLane_UI/Content/FirstPerson/FPWeapon/Mesh/SK_FPGun.uasset" 594
"../../../../../../Users/prokhorovskiy-m/Documents/Unreal Projects/fieldA/trainingtask/Azur/AzurLane_UI/Content/FirstPerson/Character/Mesh/SK_Mannequin_Arms.uasset" 595
"../../../../../../Users/prokhorovskiy-m/Documents/Unreal Projects/fieldA/trainingtask/Azur/AzurLane_UI/Content/FirstPersonBP/Blueprints/FirstPersonCharacter.uasset" 596
"../../../../../../Users/prokhorovskiy-m/Documents/Unreal Projects/fieldA/trainingtask/Azur/AzurLane_UI/Content/FirstPersonBP/Blueprints/FirstPersonGameMode.uasset" 597
"../../../../../../Users/prokhorovskiy-m/Documents/Unreal Projects/fieldA/trainingtask/Azur/AzurLane_UI/Content/FirstPersonBP/Maps/FirstPersonExampleMap.umap" 598
"../../../Engine/Content/Maps/Entry_BuiltData.uasset" 599
"../../../Engine/Content/Maps/Entry.umap" 600
