"../../../../../../grisange/Documents/GitHub/TrainingTask/StarCraftLike_SS/Content/UI/UI_Textures/Frames/cursor_textedit_texture.uasset" 0
"../../../../../../grisange/Documents/GitHub/TrainingTask/StarCraftLike_SS/Content/UI/UI_Textures/Frames/USERNAME.uasset" 1
"../../../../../../grisange/Documents/GitHub/TrainingTask/StarCraftLike_SS/Content/UI/UI_Materials/UI_TextGlow.uasset" 2
"../../../../../../grisange/Documents/GitHub/TrainingTask/StarCraftLike_SS/Content/UI/UI_Materials/UI_TextGlow_TextEditCursor.uasset" 3
"../../../../../../grisange/Documents/GitHub/TrainingTask/StarCraftLike_SS/Content/UI/Cursor_textedit.uasset" 4
"../../../../../../grisange/Documents/GitHub/TrainingTask/StarCraftLike_SS/Content/UI/UI_Textures/Frames/cursor_texture.uasset" 5
"../../../../../../grisange/Documents/GitHub/TrainingTask/StarCraftLike_SS/Content/UI/UI_Materials/UI_TextGlow_Cursor.uasset" 6
"../../../../../../grisange/Documents/GitHub/TrainingTask/StarCraftLike_SS/Content/UI/Cursor.uasset" 7
"../../../../../../grisange/Documents/GitHub/TrainingTask/StarCraftLike_SS/Content/UI/UI_Sounds/Exit_sound.uasset" 8
"../../../../../../grisange/Documents/GitHub/TrainingTask/StarCraftLike_SS/Content/UI/Fonts/8277.uasset" 9
"../../../../../../grisange/Documents/GitHub/TrainingTask/StarCraftLike_SS/Content/UI/Fonts/Type_font.uasset" 10
"../../../../../../grisange/Documents/GitHub/TrainingTask/StarCraftLike_SS/Content/UI/UI_Textures/Textures/SC2like_SS_Atlas.uasset" 11
"../../../../../../grisange/Documents/GitHub/TrainingTask/StarCraftLike_SS/Content/UI/UI_Textures/SC2like_SS_Atlas.uasset" 12
"../../../../../../grisange/Documents/GitHub/TrainingTask/StarCraftLike_SS/Content/UI/UI_Textures/SS_dropdown.uasset" 13
"../../../../../../grisange/Documents/GitHub/TrainingTask/StarCraftLike_SS/Content/UI/UI_Textures/SC2like_SS_Atlas_0.uasset" 14
"../../Plugins/2D/Paper2D/Content/PlaceholderTextures/DummySpriteTexture.uasset" 15
"../../Plugins/2D/Paper2D/Content/DefaultSpriteMaterial.uasset" 16
"../../Plugins/2D/Paper2D/Content/TranslucentUnlitSpriteMaterial.uasset" 17
"../../../../../../grisange/Documents/GitHub/TrainingTask/StarCraftLike_SS/Content/UI/UI_Textures/Frames/Password1.uasset" 18
"../../../../../../grisange/Documents/GitHub/TrainingTask/StarCraftLike_SS/Content/UI/UI_Textures/Frames/321-3216002_starcraft-2-logo-starcraft-2.uasset" 19
"../../../../../../grisange/Documents/GitHub/TrainingTask/StarCraftLike_SS/Content/UI/UI_Textures/Frames/username1.uasset" 20
"../../../../../../grisange/Documents/GitHub/TrainingTask/StarCraftLike_SS/Content/UI/UI_Textures/Frames/region1.uasset" 21
"../../../../../../grisange/Documents/GitHub/TrainingTask/StarCraftLike_SS/Content/FirstPersonBP/FirstPersonOverview.uasset" 22
"../../../Engine/Content/EditorBlueprintResources/StandardMacros.uasset" 23
"../../../../../../grisange/Documents/GitHub/TrainingTask/StarCraftLike_SS/Content/FirstPerson/Character/Mesh/SK_Mannequin_Arms_Skeleton.uasset" 24
"../../../../../../grisange/Documents/GitHub/TrainingTask/StarCraftLike_SS/Content/FirstPerson/Animations/FirstPerson_Idle.uasset" 25
"../../../../../../grisange/Documents/GitHub/TrainingTask/StarCraftLike_SS/Content/FirstPerson/Animations/FirstPerson_JumpLoop.uasset" 26
"../../../../../../grisange/Documents/GitHub/TrainingTask/StarCraftLike_SS/Content/FirstPerson/Animations/FirstPerson_Run.uasset" 27
"../../../../../../grisange/Documents/GitHub/TrainingTask/StarCraftLike_SS/Content/FirstPerson/Animations/FirstPerson_JumpEnd.uasset" 28
"../../../../../../grisange/Documents/GitHub/TrainingTask/StarCraftLike_SS/Content/FirstPerson/Animations/FirstPerson_JumpStart.uasset" 29
"../../../../../../grisange/Documents/GitHub/TrainingTask/StarCraftLike_SS/Content/FirstPerson/Animations/FirstPerson_AnimBP.uasset" 30
"../../../../../../grisange/Documents/GitHub/TrainingTask/StarCraftLike_SS/Content/FirstPerson/Character/Mesh/FirstPersonAnimBlueprint_Copy.uasset" 31
"../../../../../../grisange/Documents/GitHub/TrainingTask/StarCraftLike_SS/Content/FirstPerson/FPWeapon/Mesh/SK_FPGun_PhysicsAsset.uasset" 32
"../../../../../../grisange/Documents/GitHub/TrainingTask/StarCraftLike_SS/Content/FirstPerson/Character/Textures/UE4_LOGO_CARD.uasset" 33
"../../../../../../grisange/Documents/GitHub/TrainingTask/StarCraftLike_SS/Content/FirstPerson/FPWeapon/Materials/MaterialLayers/ML_Plastic_Shiny_Beige_LOGO.uasset" 34
"../../../../../../grisange/Documents/GitHub/TrainingTask/StarCraftLike_SS/Content/FirstPerson/FPWeapon/Materials/MaterialLayers/T_ML_FineRubber.uasset" 35
"../../../../../../grisange/Documents/GitHub/TrainingTask/StarCraftLike_SS/Content/Geometry/Meshes/CubeMaterial.uasset" 36
"../../../../../../grisange/Documents/GitHub/TrainingTask/StarCraftLike_SS/Content/Geometry/Meshes/TemplateFloor.uasset" 37
"../../../../../../grisange/Documents/GitHub/TrainingTask/StarCraftLike_SS/Content/Geometry/Meshes/1M_Cube_Chamfer.uasset" 38
"../../../Engine/Content/Maps/Templates/Thumbnails/Default.uasset" 39
"../../../Engine/Content/Maps/Templates/Thumbnails/TimeOfDay.uasset" 40
"../../../Engine/Content/Maps/Templates/Thumbnails/VR-Basic.uasset" 41
"../../../Engine/Content/MobileResources/T_MobileControls_texture.uasset" 42
"../../../Engine/Content/MobileResources/T_MobileMenu2.uasset" 43
"../../../Engine/Content/MobileResources/HUD/MobileHUDDirectionPad3.uasset" 44
"../../../Engine/Content/MobileResources/HUD/MobileHUDButton2_off.uasset" 45
"../../../Engine/Content/MobileResources/HUD/MobileHUDButton3.uasset" 46
"../../../Engine/Content/MobileResources/HUD/T_Castle_ThumbstickInner.uasset" 47
"../../../Engine/Content/MobileResources/HUD/MobileHUDDirectionStick.uasset" 48
"../../../Engine/Content/MobileResources/HUD/VirtualJoystick_Background.uasset" 49
"../../../Engine/Content/MobileResources/HUD/VirtualJoystick_Thumb.uasset" 50
"../../../Engine/Content/MobileResources/HUD/DefaultVirtualJoysticks.uasset" 51
"../../../Engine/Content/MobileResources/HUD/T_Castle_ThumbstickOutter.uasset" 52
"../../../Engine/Content/MobileResources/HUD/MobileHUDButton2_on.uasset" 53
"../../../Engine/Content/MobileResources/HUD/MobileHUDDirectionPad2.uasset" 54
"../../../Engine/Content/MobileResources/HUD/MobileHUDDirectionPad.uasset" 55
"../../../Engine/Content/MobileResources/HUD/AnalogHat.uasset" 56
"../../../Engine/Content/MobileResources/HUD/MobileHUDButton1_on.uasset" 57
"../../../Engine/Content/MobileResources/HUD/MobileHUDButtonFire.uasset" 58
"../../../Engine/Content/MobileResources/HUD/LeftVirtualJoystickOnly.uasset" 59
"../../../Engine/Content/MobileResources/HUD/MobileHUDButton1_off.uasset" 60
"../../../Engine/Content/Tutorial/ContentIntroCurve.uasset" 61
"../../../Engine/Content/Tutorial/Basics/TutorialAssets/CameraActor_64x.uasset" 62
"../../../Engine/Content/Tutorial/Basics/ViewportsTutorial.uasset" 63
"../../../Engine/Content/Tutorial/Basics/TutorialAssets/icon_tab_Levels_40x.uasset" 64
"../../../Engine/Content/Tutorial/Basics/LevelEditorOverview.uasset" 65
"../../../Engine/Content/Tutorial/Basics/LevelEditorAttract.uasset" 66
"../../../Engine/Content/Tutorial/SubEditors/GettingSubstance.uasset" 67
"../../../Engine/Content/Tutorial/BlueprintTutorials/TutorialAssets/Blueprint_64x.uasset" 68
"../../../Engine/Content/Tutorial/BlueprintTutorials/BlueprintEditorTutorial.uasset" 69
"../../../Engine/Content/Tutorial/Installation/InstallingXCodeTutorial.uasset" 70
"../../../Engine/Content/EngineResources/DefaultTextureCube.uasset" 71
"../../../Engine/Content/EngineResources/Black.uasset" 72
"../../../Engine/Content/EngineResources/DefaultVolumeTexture2D.uasset" 73
"../../../Engine/Content/EngineResources/DefaultVolumeTexture.uasset" 74
"../../../Engine/Content/EngineResources/GradientTexture0.uasset" 75
"../../../Engine/Content/EditorLandscapeResources/DataLayer.uasset" 76
"../../../Engine/Content/EditorLandscapeResources/DefaultAlphaTexture.uasset" 77
"../../../Engine/Content/EditorMaterials/Camera/CineMat.uasset" 78
"../../../Engine/Content/EditorMaterials/Camera/MI_CineMat_Rig.uasset" 79
"../../../Engine/Content/EditorMeshes/Camera/SM_CraneRig_Body.uasset" 80
"../../../Engine/Content/EditorMeshes/Camera/SM_RailRig_Mount.uasset" 81
"../../../Engine/Content/EditorMeshes/Camera/SM_CraneRig_Base.uasset" 82
"../../../Engine/Content/EditorMeshes/Camera/SM_CraneRig_Mount.uasset" 83
"../../../Engine/Content/EditorMeshes/Camera/SM_CraneRig_Arm.uasset" 84
"../../../Engine/Content/EditorMeshes/Camera/SM_RailRig_Track.uasset" 85
"../../../Engine/Content/EngineFonts/Faces/RobotoRegular.uasset" 86
"../../../Engine/Content/EngineFonts/Faces/RobotoLight.uasset" 87
"../../../Engine/Content/EngineFonts/Faces/RobotoItalic.uasset" 88
"../../../Engine/Content/EngineFonts/Faces/RobotoBoldItalic.uasset" 89
"../../../Engine/Content/EngineFonts/Faces/RobotoBold.uasset" 90
"../../../Engine/Content/EngineFonts/Faces/DroidSansFallback.uasset" 91
"../../../Engine/Content/EngineFonts/Roboto.uasset" 92
"../../../Engine/Content/EngineDamageTypes/DmgTypeBP_Environmental.uasset" 93
"../../../Engine/Content/EngineMaterials/T_Default_Material_Grid_N.uasset" 94
"../../../Engine/Content/EngineMaterials/T_Default_Material_Grid_M.uasset" 95
"../../../Engine/Content/Functions/Engine_MaterialFunctions01/Opacity/CameraDepthFade.uasset" 96
"../../../Engine/Content/EngineMaterials/WorldGridMaterial.uasset" 97
"../../../Engine/Content/ArtTools/RenderToTexture/Meshes/S_1_Unit_Plane.uasset" 98
"../../../Engine/Content/Animation/DefaultAnimCurveCompressionSettings.uasset" 99
"../../../Engine/Content/Animation/DefaultAnimBoneCompressionSettings.uasset" 100
"../../../Engine/Content/EngineResources/WhiteSquareTexture.uasset" 101
"../../../Engine/Content/EngineMaterials/Widget3DPassThrough.uasset" 102
"../../../Engine/Content/EngineMaterials/Widget3DPassThrough_Masked.uasset" 103
"../../../Engine/Content/EngineMaterials/WeightMapPlaceholderTexture.uasset" 104
"../../../Engine/Content/EngineMaterials/Widget3DPassThrough_Translucent.uasset" 105
"../../../Engine/Content/EngineMaterials/Widget3DPassThrough_Translucent_OneSided.uasset" 106
"../../../Engine/Content/Functions/Engine_MaterialFunctions02/WorldPositionOffset/CameraOffset.uasset" 107
"../../../Engine/Content/EngineMaterials/PhAT_JointLimitMaterial.uasset" 108
"../../../Engine/Content/EngineMaterials/GizmoMaterial.uasset" 109
"../../../Engine/Content/EngineMaterials/BlueNoise.uasset" 110
"../../../Engine/Content/EngineMaterials/DefaultWhiteGrid_Low.uasset" 111
"../../../Engine/Content/EngineMaterials/EmissiveMeshMaterial.uasset" 112
"../../../Engine/Content/EngineMaterials/Widget3DPassThrough_Opaque.uasset" 113
"../../../Engine/Content/EngineMaterials/Widget3DPassThrough_Masked_OneSided.uasset" 114
"../../../Engine/Content/EngineMaterials/Good64x64TilingNoiseHighFreq.uasset" 115
"../../../Engine/Content/EngineMaterials/DefaultBloomKernel.uasset" 116
"../../../Engine/Content/EngineMaterials/RemoveSurfaceMaterial.uasset" 117
"../../../Engine/Content/EngineMaterials/DefaultDiffuse.uasset" 118
"../../../Engine/Content/EngineMaterials/DefaultDeferredDecalMaterial.uasset" 119
"../../../Engine/Content/Functions/Engine_MaterialFunctions02/Utility/BreakOutFloat2Components.uasset" 120
"../../../Engine/Content/EngineMaterials/DefaultPostProcessMaterial.uasset" 121
"../../../Engine/Content/EngineMaterials/DefaultPhysicalMaterial.uasset" 122
"../../../Engine/Content/EngineMaterials/BaseFlattenNormalMap.uasset" 123
"../../../Engine/Content/EngineMaterials/BaseFlattenEmissiveMap.uasset" 124
"../../../Engine/Content/EngineMaterials/BaseFlattenGrayscaleMap.uasset" 125
"../../../Engine/Content/EngineMaterials/BaseFlattenDiffuseMap.uasset" 126
"../../../Engine/Content/EngineMaterials/BaseFlattenMaterial.uasset" 127
"../../../Engine/Content/EngineMaterials/InvalidLightmapSettings.uasset" 128
"../../../Engine/Content/EngineMaterials/M_InvalidLightmapSettings.uasset" 129
"../../../Engine/Content/EngineFonts/RobotoDistanceField.uasset" 130
"../../../Engine/Content/EngineMaterials/DefaultTextMaterialOpaque.uasset" 131
"../../../Engine/Content/EngineMaterials/PreintegratedSkinBRDF.uasset" 132
"../../../Engine/Content/EngineMaterials/Widget3DPassThrough_Opaque_OneSided.uasset" 133
"../../../Engine/Content/EngineMaterials/DefaultBokeh.uasset" 134
"../../../Engine/Content/EngineMaterials/DefaultLightFunctionMaterial.uasset" 135
"../../../Engine/Content/EngineMaterials/MiniFont.uasset" 136
"../../../Engine/Content/EngineMaterials/DefaultWhiteGrid.uasset" 137
"../../../Engine/Content/EngineDebugMaterials/DebugEditorMaterial.uasset" 138
"../../../Engine/Content/Functions/Engine_MaterialFunctions01/Shading/ConvertFromDiffSpec.uasset" 139
"../../../Engine/Content/EngineDebugMaterials/VertexColorMaterial.uasset" 140
"../../../Engine/Content/EngineDebugMaterials/WireframeMaterial.uasset" 141
"../../../Engine/Content/EngineDebugMaterials/VolumeToRender.uasset" 142
"../../../Engine/Content/Functions/Engine_MaterialFunctions02/Utility/CameraDirectionVector.uasset" 143
"../../../Engine/Content/EngineDebugMaterials/M_VolumeRenderSphereTracePP.uasset" 144
"../../../Engine/Content/EngineDebugMaterials/M_SimpleUnlitTranslucent.uasset" 145
"../../../Engine/Content/EngineDebugMaterials/DebugMeshMaterial.uasset" 146
"../../../Engine/Content/EditorResources/S_Note.uasset" 147
"../../../Engine/Content/EditorResources/S_Solver.uasset" 148
"../../../Engine/Content/EditorResources/S_Terrain.uasset" 149
"../../../Engine/Content/EditorResources/S_Trigger.uasset" 150
"../../../Engine/Content/EditorResources/S_Actor.uasset" 151
"../../../Engine/Content/EditorResources/EmptyActor.uasset" 152
"../../../Engine/Content/EditorResources/BSPVertex.uasset" 153
"../../../Engine/Content/EditorResources/SequenceRecorder/Countdown.uasset" 154
"../../../Engine/Content/EditorResources/SequenceRecorder/RecordingIndicator.uasset" 155
"../../../Engine/Content/EditorResources/LightIcons/S_LightError.uasset" 156
"../../../Engine/Content/EngineMaterials/DefaultMaterial.uasset" 157
"../../../Engine/Content/BasicShapes/Cone.uasset" 158
"../../../Engine/Content/BasicShapes/Cube.uasset" 159
"../../../Engine/Content/BasicShapes/Plane.uasset" 160
"../../../Engine/Content/BasicShapes/Sphere.uasset" 161
"../../../Engine/Content/Functions/Engine_MaterialFunctions01/Shading/PowerToRoughness.uasset" 162
"../../../Engine/Content/EditorMaterials/PreviewShadowIndicator.uasset" 163
"../../../Engine/Content/EditorMaterials/PreviewShadowIndicatorMaterial.uasset" 164
"../../../Engine/Content/EditorMaterials/MAT_Groups_Toggle.uasset" 165
"../../../Engine/Content/EditorMaterials/MAT_Groups_Visibility.uasset" 166
"../../../Engine/Content/EditorMaterials/ParticleSystems/PSysThumbnail_NoImage.uasset" 167
"../../../Engine/Content/EditorMaterials/ParticleSystems/PSysThumbnail_OOD.uasset" 168
"../../../Engine/Content/EditorMaterials/MatineeGroups/MAT_Groups_Vector.uasset" 169
"../../../Engine/Content/EditorMaterials/MatineeGroups/MAT_ColorTrack.uasset" 170
"../../../Engine/Content/EditorMaterials/MatineeGroups/MAT_Groups_AudioMaster.uasset" 171
"../../../Engine/Content/EditorMaterials/MatineeGroups/MAT_Groups_Sound.uasset" 172
"../../../Engine/Content/EditorMaterials/MatineeGroups/MAT_Groups_Float.uasset" 173
"../../../Engine/Content/EditorMaterials/MatineeGroups/MAT_Groups_Director.uasset" 174
"../../../Engine/Content/EditorMaterials/MatineeGroups/MAT_Groups_Move.uasset" 175
"../../../Engine/Content/EditorMaterials/MatineeGroups/MAT_Groups_Event.uasset" 176
"../../../Engine/Content/EditorMaterials/MatineeGroups/MAT_Groups_Fade.uasset" 177
"../../../Engine/Content/EditorMaterials/MatineeGroups/MAT_Groups_Anim.uasset" 178
"../../../Engine/Content/EditorMaterials/MatineeGroups/MAT_Groups_Slomo.uasset" 179
"../../../Engine/Content/EngineSounds/Master.uasset" 180
"../../../Engine/Content/EngineMeshes/Cylinder.uasset" 181
"../../../Engine/Content/EngineMeshes/Sphere.uasset" 182
"../../../Engine/Content/EngineSky/VolumetricClouds/CloudWeatherTexture.uasset" 183
"../../../Engine/Content/EngineSky/VolumetricClouds/T_NoiseShape64.uasset" 184
"../../../Engine/Content/EngineSky/VolumetricClouds/T_VolumeNoiseShape64.uasset" 185
"../../../Engine/Content/EngineSky/VolumetricClouds/T_NoiseErosion.uasset" 186
"../../../Engine/Content/EngineSky/VolumetricClouds/T_VolumeNoiseErosion32.uasset" 187
"../../../Engine/Content/EngineSky/VolumetricClouds/CloudGradientTexture.uasset" 188
"../../../Engine/Content/Functions/Engine_MaterialFunctions02/Utility/MakeFloat2.uasset" 189
"../../../Engine/Content/EngineSky/VolumetricClouds/m_SimpleVolumetricCloud.uasset" 190
"../../../Engine/Content/EngineSky/VolumetricClouds/m_SimpleVolumetricCloud_Inst.uasset" 191
"../../../Engine/Content/VREditor/TransformGizmo/TranslucentTransformGizmoMaterial.uasset" 192
"../../../Engine/Content/VREditor/LaserPointer/VR_LaserPower_01.uasset" 193
"../../../Engine/Content/VREditor/TransformGizmo/TransformGizmoMaterial.uasset" 194
"../../../Engine/Content/VREditor/TransformGizmo/PlaneTranslationHandle.uasset" 195
"../../../Engine/Content/VREditor/TransformGizmo/Xray.uasset" 196
"../../../Engine/Content/VREditor/TransformGizmo/Main.uasset" 197
"../../../Engine/Content/VREditor/TransformGizmo/SM_Sequencer_Key.uasset" 198
"../../../Engine/Content/VREditor/TransformGizmo/BoundingBoxCorner.uasset" 199
"../../../Engine/Content/VREditor/TransformGizmo/SM_Sequencer_Node.uasset" 200
"../../../Engine/Content/VREditor/TransformGizmo/BoundingBoxEdge.uasset" 201
"../../../Engine/Content/BasicShapes/Cylinder.uasset" 202
"../../../Engine/Content/ArtTools/RenderToTexture/Materials/Debug/M_Emissive_Color.uasset" 203
"../../Plugins/Lumin/MagicLeapPassableWorld/Content/MagicLeapARPinInfoActor.uasset" 204
"../../Plugins/2D/Paper2D/Content/OpaqueUnlitSpriteMaterial.uasset" 205
"../../Plugins/2D/Paper2D/Content/DummySprite.uasset" 206
"../../Plugins/2D/Paper2D/Content/DefaultPaperTerrainMaterial.uasset" 207
"../../Plugins/2D/Paper2D/Content/MaskedUnlitSpriteMaterial.uasset" 208
"../../../Engine/Content/EngineResources/DefaultTexture.uasset" 209
"../../../Engine/Content/Functions/Engine_MaterialFunctions02/Utility/BreakOutFloat3Components.uasset" 210
"../../Plugins/Editor/SpeedTreeImporter/Content/SpeedTree9/UnpackInteger3.uasset" 211
"../../Plugins/Editor/SpeedTreeImporter/Content/SpeedTree9/SpeedTreeBillboard.uasset" 212
"../../Plugins/Editor/SpeedTreeImporter/Content/SpeedTree9/UnpackDirection.uasset" 213
"../../Plugins/Editor/SpeedTreeImporter/Content/SpeedTree9/game_wind_noise.uasset" 214
"../../../Engine/Content/Functions/Engine_MaterialFunctions02/SafeNormalize.uasset" 215
"../../Plugins/Editor/SpeedTreeImporter/Content/SpeedTree9/SpeedTreeWindMotion.uasset" 216
"../../Plugins/Editor/SpeedTreeImporter/Content/SpeedTree9/SpeedTreeBranchMotion.uasset" 217
"../../../Engine/Content/Functions/Engine_MaterialFunctions02/ObjectLocalBounds.uasset" 218
"../../../Engine/Content/Functions/Engine_MaterialFunctions02/UVs/BoundingBoxBased_0-1_UVW.uasset" 219
"../../Plugins/Editor/SpeedTreeImporter/Content/SpeedTree9/SpeedTreeWind.uasset" 220
"../../Plugins/Editor/SpeedTreeImporter/Content/SpeedTree9/SpeedTreeBillboardMaster.uasset" 221
"../../Plugins/Editor/SpeedTreeImporter/Content/SpeedTree9/SpeedTreeCameraFacing.uasset" 222
"../../Plugins/Editor/SpeedTreeImporter/Content/SpeedTree9/SpeedTreeMaster.uasset" 223
"../../../../../../grisange/Documents/GitHub/TrainingTask/StarCraftLike_SS/Content/Geometry/Meshes/1M_Cube.uasset" 224
"../../../Engine/Content/EngineSky/T_Sky_Stars.uasset" 225
"../../../Engine/Content/EngineSky/T_Sky_Clouds_M.uasset" 226
"../../../Engine/Content/EngineSky/T_Sky_Blue.uasset" 227
"../../../../../../grisange/Documents/GitHub/TrainingTask/StarCraftLike_SS/Content/FirstPerson/Meshes/BaseMaterial.uasset" 228
"../../../../../../grisange/Documents/GitHub/TrainingTask/StarCraftLike_SS/Content/FirstPerson/Meshes/CubeMaterialOverride.uasset" 229
"../../../Engine/Content/EngineSky/M_Sky_Panning_Clouds2.uasset" 230
"../../../Engine/Content/Functions/Engine_MaterialFunctions03/Procedurals/ComputeFilterWidth.uasset" 231
"../../../Engine/Content/EngineMaterials/AntiAliasedTextMaterialTranslucent.uasset" 232
"../../../../../../grisange/Documents/GitHub/TrainingTask/StarCraftLike_SS/Content/FirstPerson/Textures/FirstPersonCrosshair.uasset" 233
"../../../../../../grisange/Documents/GitHub/TrainingTask/StarCraftLike_SS/Content/FirstPersonBP/Blueprints/FirstPersonHUD.uasset" 234
"../../../../../../grisange/Documents/GitHub/TrainingTask/StarCraftLike_SS/Content/FirstPerson/FPWeapon/Materials/MaterialLayers/T_ML_Aluminum01.uasset" 235
"../../../../../../grisange/Documents/GitHub/TrainingTask/StarCraftLike_SS/Content/FirstPerson/FPWeapon/Materials/MaterialLayers/T_ML_Aluminum01_N.uasset" 236
"../../../../../../grisange/Documents/GitHub/TrainingTask/StarCraftLike_SS/Content/FirstPerson/FPWeapon/Materials/MaterialLayers/ML_SoftMetal_UE4.uasset" 237
"../../../../../../grisange/Documents/GitHub/TrainingTask/StarCraftLike_SS/Content/FirstPerson/FPWeapon/Materials/MaterialLayers/ML_Screen.uasset" 238
"../../../../../../grisange/Documents/GitHub/TrainingTask/StarCraftLike_SS/Content/FirstPerson/FPWeapon/Materials/MaterialLayers/ML_Plastic_Shiny_Beige.uasset" 239
"../../../../../../grisange/Documents/GitHub/TrainingTask/StarCraftLike_SS/Content/FirstPerson/FPWeapon/Materials/MaterialLayers/T_ML_Rubber_Blue_01_D.uasset" 240
"../../../../../../grisange/Documents/GitHub/TrainingTask/StarCraftLike_SS/Content/FirstPerson/FPWeapon/Materials/MaterialLayers/T_ML_Rubber_Blue_01_N.uasset" 241
"../../../../../../grisange/Documents/GitHub/TrainingTask/StarCraftLike_SS/Content/FirstPerson/FPWeapon/Materials/MaterialLayers/ML_GlossyBlack_Latex_UE4.uasset" 242
"../../../../../../grisange/Documents/GitHub/TrainingTask/StarCraftLike_SS/Content/FirstPerson/FPWeapon/Textures/T_FPGun_M.uasset" 243
"../../../../../../grisange/Documents/GitHub/TrainingTask/StarCraftLike_SS/Content/FirstPerson/FPWeapon/Textures/T_FPGun_N.uasset" 244
"../../../Engine/Content/Functions/MaterialLayerFunctions/MatLayerBlend_Simple.uasset" 245
"../../../Engine/Content/Functions/Engine_MaterialFunctions02/Utility/BlendAngleCorrectedNormals.uasset" 246
"../../../Engine/Content/Functions/MaterialLayerFunctions/MatLayerBlend_NormalBlend.uasset" 247
"../../../../../../grisange/Documents/GitHub/TrainingTask/StarCraftLike_SS/Content/FirstPerson/FPWeapon/Materials/M_FPGun.uasset" 248
"../../../../../../grisange/Documents/GitHub/TrainingTask/StarCraftLike_SS/Content/FirstPerson/FPWeapon/Mesh/SK_FPGun_Skeleton.uasset" 249
"../../../../../../grisange/Documents/GitHub/TrainingTask/StarCraftLike_SS/Content/FirstPerson/FPWeapon/Mesh/SK_FPGun.uasset" 250
"../../../../../../grisange/Documents/GitHub/TrainingTask/StarCraftLike_SS/Content/FirstPerson/Character/Materials/MaterialLayers/T_ML_Aluminum01.uasset" 251
"../../../../../../grisange/Documents/GitHub/TrainingTask/StarCraftLike_SS/Content/FirstPerson/Character/Materials/MaterialLayers/T_ML_Aluminum01_N.uasset" 252
"../../../../../../grisange/Documents/GitHub/TrainingTask/StarCraftLike_SS/Content/FirstPerson/Character/Materials/MaterialLayers/ML_SoftMetal_UE4.uasset" 253
"../../../../../../grisange/Documents/GitHub/TrainingTask/StarCraftLike_SS/Content/FirstPerson/Character/Materials/MaterialLayers/ML_Plastic_Shiny_Beige_LOGO.uasset" 254
"../../../../../../grisange/Documents/GitHub/TrainingTask/StarCraftLike_SS/Content/FirstPerson/Character/Materials/MaterialLayers/ML_Plastic_Shiny_Beige.uasset" 255
"../../../../../../grisange/Documents/GitHub/TrainingTask/StarCraftLike_SS/Content/FirstPerson/Character/Materials/MaterialLayers/T_ML_Rubber_Blue_01_D.uasset" 256
"../../../../../../grisange/Documents/GitHub/TrainingTask/StarCraftLike_SS/Content/FirstPerson/Character/Materials/MaterialLayers/T_ML_Rubber_Blue_01_N.uasset" 257
"../../../../../../grisange/Documents/GitHub/TrainingTask/StarCraftLike_SS/Content/FirstPerson/Character/Materials/MaterialLayers/ML_GlossyBlack_Latex_UE4.uasset" 258
"../../../../../../grisange/Documents/GitHub/TrainingTask/StarCraftLike_SS/Content/FirstPerson/Character/Textures/UE4_Mannequin__normals.uasset" 259
"../../../../../../grisange/Documents/GitHub/TrainingTask/StarCraftLike_SS/Content/FirstPerson/Character/Textures/UE4_Mannequin_MAT_MASKA.uasset" 260
"../../../../../../grisange/Documents/GitHub/TrainingTask/StarCraftLike_SS/Content/FirstPerson/Character/Materials/M_UE4Man_Body.uasset" 261
"../../../../../../grisange/Documents/GitHub/TrainingTask/StarCraftLike_SS/Content/FirstPerson/Character/Mesh/SK_Mannequin_Arms_PhysicsAsset.uasset" 262
"../../../../../../grisange/Documents/GitHub/TrainingTask/StarCraftLike_SS/Content/FirstPerson/Character/Mesh/SK_Mannequin_Arms.uasset" 263
"../../../../../../grisange/Documents/GitHub/TrainingTask/StarCraftLike_SS/Content/FirstPerson/Audio/FirstPersonTemplateWeaponFire02.uasset" 264
"../../../../../../grisange/Documents/GitHub/TrainingTask/StarCraftLike_SS/Content/FirstPerson/Meshes/FirstPersonProjectileMaterial.uasset" 265
"../../../../../../grisange/Documents/GitHub/TrainingTask/StarCraftLike_SS/Content/FirstPerson/Meshes/FirstPersonProjectileMesh.uasset" 266
"../../../../../../grisange/Documents/GitHub/TrainingTask/StarCraftLike_SS/Content/FirstPersonBP/Blueprints/FirstPersonProjectile.uasset" 267
"../../../../../../grisange/Documents/GitHub/TrainingTask/StarCraftLike_SS/Content/FirstPerson/Animations/FirstPerson_Fire.uasset" 268
"../../../../../../grisange/Documents/GitHub/TrainingTask/StarCraftLike_SS/Content/FirstPerson/Animations/FirstPersonFire_Montage.uasset" 269
"../../../../../../grisange/Documents/GitHub/TrainingTask/StarCraftLike_SS/Content/FirstPersonBP/Blueprints/FirstPersonCharacter.uasset" 270
"../../../../../../grisange/Documents/GitHub/TrainingTask/StarCraftLike_SS/Content/FirstPersonBP/Blueprints/FirstPersonGameMode.uasset" 271
"../../../Engine/Content/EngineSky/C_Sky_Horizon_Color.uasset" 272
"../../../Engine/Content/EngineSky/C_Sky_Cloud_Color.uasset" 273
"../../../Engine/Content/EngineSky/C_Sky_Zenith_Color.uasset" 274
"../../../Engine/Content/EngineSky/SM_SkySphere.uasset" 275
"../../../Engine/Content/EngineSky/BP_Sky_Sphere.uasset" 276
"../../../Engine/Content/Functions/Engine_MaterialFunctions02/ExampleContent/Textures/flipbook.uasset" 277
"../../../Engine/Content/Functions/Engine_MaterialFunctions02/ExampleContent/Textures/DebugNumberPeriod.uasset" 278
"../../../Engine/Content/Functions/Engine_MaterialFunctions02/ExampleContent/DebugNumberStrip.uasset" 279
"../../../Engine/Content/Functions/Engine_MaterialFunctions01/Texturing/ComputeMipLevel.uasset" 280
"../../../Engine/Content/Functions/Engine_MaterialFunctions01/Texturing/TextureCropping.uasset" 281
"../../../Engine/Content/Functions/Engine_MaterialFunctions02/Utility/DebugScalarValues.uasset" 282
"../../../Engine/Content/Functions/Engine_MaterialFunctions02/Utility/DebugFloat2Values.uasset" 283
"../../../Engine/Content/Functions/Engine_MaterialFunctions02/Texturing/FlipBook.uasset" 284
"../../../../../../grisange/Documents/GitHub/TrainingTask/StarCraftLike_SS/Content/UI/UI_Textures/Loading_zerling_animation.uasset" 285
"../../../../../../grisange/Documents/GitHub/TrainingTask/StarCraftLike_SS/Content/UI/UI_Materials/UI_Flipbook_Material.uasset" 286
"../../../../../../grisange/Documents/GitHub/TrainingTask/StarCraftLike_SS/Content/UI/Fonts/pirulen_rg.uasset" 287
"../../../../../../grisange/Documents/GitHub/TrainingTask/StarCraftLike_SS/Content/UI/Fonts/Futuristic_font.uasset" 288
"../../../../../../grisange/Documents/GitHub/TrainingTask/StarCraftLike_SS/Content/UI/SS_Loading.uasset" 289
"../../../../../../grisange/Documents/GitHub/TrainingTask/StarCraftLike_SS/Content/FirstPersonBP/Maps/Level_loading.umap" 290
"../../../../../../grisange/Documents/GitHub/TrainingTask/StarCraftLike_SS/Content/FirstPersonBP/Maps/FirstPersonExampleMap_BuiltData.uasset" 291
"../../../../../../grisange/Documents/GitHub/TrainingTask/StarCraftLike_SS/Content/UI/UI_Textures/SS_Logo.uasset" 292
"../../../../../../grisange/Documents/GitHub/TrainingTask/StarCraftLike_SS/Content/UI/UI_Textures/SS_BG_Menu.uasset" 293
"../../../../../../grisange/Documents/GitHub/TrainingTask/StarCraftLike_SS/Content/UI/UI_Textures/Frames/SS_List_pressed.uasset" 294
"../../../../../../grisange/Documents/GitHub/TrainingTask/StarCraftLike_SS/Content/UI/UI_Textures/Frames/SS_List_hovered.uasset" 295
"../../../../../../grisange/Documents/GitHub/TrainingTask/StarCraftLike_SS/Content/UI/UI_Textures/Frames/SS_InputPressed.uasset" 296
"../../../../../../grisange/Documents/GitHub/TrainingTask/StarCraftLike_SS/Content/UI/UI_Textures/Frames/SS_InputContainer.uasset" 297
"../../../../../../grisange/Documents/GitHub/TrainingTask/StarCraftLike_SS/Content/UI/UI_Textures/Frames/SS_Input_red_nonactive.uasset" 298
"../../../../../../grisange/Documents/GitHub/TrainingTask/StarCraftLike_SS/Content/UI/UI_Textures/Frames/SS_Combobox_pressed.uasset" 299
"../../../../../../grisange/Documents/GitHub/TrainingTask/StarCraftLike_SS/Content/UI/UI_Textures/Frames/SS_Combobox_idle.uasset" 300
"../../../../../../grisange/Documents/GitHub/TrainingTask/StarCraftLike_SS/Content/UI/UI_Textures/Frames/SS_Combobox_hovered.uasset" 301
"../../../../../../grisange/Documents/GitHub/TrainingTask/StarCraftLike_SS/Content/UI/UI_Textures/Frames/SS_btn_red_pressed.uasset" 302
"../../../../../../grisange/Documents/GitHub/TrainingTask/StarCraftLike_SS/Content/UI/UI_Textures/Frames/SS_btn_red_idle.uasset" 303
"../../../../../../grisange/Documents/GitHub/TrainingTask/StarCraftLike_SS/Content/UI/UI_Textures/Frames/SS_btn_red_hovered.uasset" 304
"../../../../../../grisange/Documents/GitHub/TrainingTask/StarCraftLike_SS/Content/UI/UI_Textures/Frames/SS_btn.uasset" 305
"../../../../../../grisange/Documents/GitHub/TrainingTask/StarCraftLike_SS/Content/UI/UI_Textures/Frames/checkbox_pressed_empty.uasset" 306
"../../../../../../grisange/Documents/GitHub/TrainingTask/StarCraftLike_SS/Content/UI/UI_Textures/Frames/checkbox_pressed_checked.uasset" 307
"../../../../../../grisange/Documents/GitHub/TrainingTask/StarCraftLike_SS/Content/UI/UI_Textures/Frames/checkbox_idle_checked.uasset" 308
"../../../../../../grisange/Documents/GitHub/TrainingTask/StarCraftLike_SS/Content/UI/UI_Textures/Frames/checkbox_idle.uasset" 309
"../../../../../../grisange/Documents/GitHub/TrainingTask/StarCraftLike_SS/Content/UI/UI_Textures/Frames/checkbox_hovered_empty.uasset" 310
"../../../../../../grisange/Documents/GitHub/TrainingTask/StarCraftLike_SS/Content/UI/UI_Textures/Frames/checkbox_hovered_checked.uasset" 311
"../../../../../../grisange/Documents/GitHub/TrainingTask/StarCraftLike_SS/Content/UI/UI_Sounds/omni_tool_blip.uasset" 312
"../../../../../../grisange/Documents/GitHub/TrainingTask/StarCraftLike_SS/Content/UI/UI_Sounds/Btn_sound_hovered.uasset" 313
"../../../../../../grisange/Documents/GitHub/TrainingTask/StarCraftLike_SS/Content/UI/UI_Sounds/Brn_click_.uasset" 314
"../../../../../../grisange/Documents/GitHub/TrainingTask/StarCraftLike_SS/Content/UI/UI_Materials/UI_TextGlow_Username.uasset" 315
"../../../../../../grisange/Documents/GitHub/TrainingTask/StarCraftLike_SS/Content/UI/UI_Textures/Frames/region.uasset" 316
"../../../../../../grisange/Documents/GitHub/TrainingTask/StarCraftLike_SS/Content/UI/UI_Materials/UI_TextGlow_Region.uasset" 317
"../../../../../../grisange/Documents/GitHub/TrainingTask/StarCraftLike_SS/Content/UI/UI_Textures/Frames/SS_dropdown.uasset" 318
"../../../../../../grisange/Documents/GitHub/TrainingTask/StarCraftLike_SS/Content/UI/UI_Textures/Frames/Password.uasset" 319
"../../../../../../grisange/Documents/GitHub/TrainingTask/StarCraftLike_SS/Content/UI/UI_Materials/UI_TextGlow_Password.uasset" 320
"../../../../../../grisange/Documents/GitHub/TrainingTask/StarCraftLike_SS/Content/UI/Fonts/ratio___.uasset" 321
"../../../../../../grisange/Documents/GitHub/TrainingTask/StarCraftLike_SS/Content/UI/Fonts/ratio____Font.uasset" 322
"../../../../../../grisange/Documents/GitHub/TrainingTask/StarCraftLike_SS/Content/UI/StartScreen.uasset" 323
"../../../../../../grisange/Documents/GitHub/TrainingTask/StarCraftLike_SS/Content/FirstPersonBP/Maps/FirstPersonExampleMap.umap" 324
"../../../../../../grisange/Documents/GitHub/TrainingTask/StarCraftLike_SS/Content/FirstPersonBP/Maps/Start_Screen_Level_BuiltData.uasset" 325
"../../../../../../grisange/Documents/GitHub/TrainingTask/StarCraftLike_SS/Content/FirstPersonBP/Maps/Start_Screen_Level.umap" 326
"../../../Engine/Content/Maps/Entry_BuiltData.uasset" 327
"../../../Engine/Content/Maps/Entry.umap" 328
